<?xml version="1.0" encoding="UTF-8" ?>
<testsuite tests="11" failures="0" name="org.apache.juli.TestOneLineFormatterMillisPerformance" time="6.294" errors="0" skipped="0">
  <properties>
    <property name="idea.version" value="2020.3.2"/>
    <property name="java.runtime.name" value="Java(TM) SE Runtime Environment"/>
    <property name="java.vm.version" value="15.0.1+9-18"/>
    <property name="sun.boot.library.path" value="/Library/Java/JavaVirtualMachines/jdk-15.0.1.jdk/Contents/Home/lib"/>
    <property name="maven.multiModuleProjectDirectory" value="/Users/pengfeili/Downloads/apache-tomcat-9.0.50-src"/>
    <property name="java.vm.vendor" value="Oracle Corporation"/>
    <property name="java.vendor.url" value="https://java.oracle.com/"/>
    <property name="guice.disable.misplaced.annotation.check" value="true"/>
    <property name="path.separator" value=":"/>
    <property name="java.vm.name" value="Java HotSpot(TM) 64-Bit Server VM"/>
    <property name="user.script" value="Hans"/>
    <property name="user.country" value="CN"/>
    <property name="sun.java.launcher" value="SUN_STANDARD"/>
    <property name="java.vm.specification.name" value="Java Virtual Machine Specification"/>
    <property name="user.dir" value="/Users/pengfeili/Downloads/apache-tomcat-9.0.50-src"/>
    <property name="java.vm.compressedOopsMode" value="Zero based"/>
    <property name="java.runtime.version" value="15.0.1+9-18"/>
    <property name="os.arch" value="x86_64"/>
    <property name="java.io.tmpdir" value="/var/folders/8n/n57t642x06jfyjrr_6ld6q540000gn/T/"/>
    <property name="line.separator" value="
"/>
    <property name="java.vm.specification.vendor" value="Oracle Corporation"/>
    <property name="os.name" value="Mac OS X"/>
    <property name="maven.ext.class.path" value="/Applications/IntelliJ IDEA.app/Contents/plugins/maven/lib/maven-event-listener.jar"/>
    <property name="classworlds.conf" value="/Users/pengfeili/Maven/apache-maven-3.6.3/bin/m2.conf"/>
    <property name="sun.jnu.encoding" value="UTF-8"/>
    <property name="java.library.path" value="/Users/pengfeili/Library/Java/Extensions:/Library/Java/Extensions:/Network/Library/Java/Extensions:/System/Library/Java/Extensions:/usr/lib/java:."/>
    <property name="maven.conf" value="/Users/pengfeili/Maven/apache-maven-3.6.3/conf"/>
    <property name="jdk.debug" value="release"/>
    <property name="java.class.version" value="59.0"/>
    <property name="java.specification.name" value="Java Platform API Specification"/>
    <property name="sun.management.compiler" value="HotSpot 64-Bit Tiered Compilers"/>
    <property name="os.version" value="10.16"/>
    <property name="http.nonProxyHosts" value="local|*.local|169.254/16|*.169.254/16"/>
    <property name="user.home" value="/Users/pengfeili"/>
    <property name="user.timezone" value="Asia/Shanghai"/>
    <property name="file.encoding" value="UTF-8"/>
    <property name="java.specification.version" value="15"/>
    <property name="user.name" value="pengfeili"/>
    <property name="java.class.path" value="/Users/pengfeili/Maven/apache-maven-3.6.3/boot/plexus-classworlds.license:/Users/pengfeili/Maven/apache-maven-3.6.3/boot/plexus-classworlds-2.6.0.jar"/>
    <property name="java.vm.specification.version" value="15"/>
    <property name="sun.arch.data.model" value="64"/>
    <property name="sun.java.command" value="org.codehaus.classworlds.Launcher -Didea.version=2020.3.2 install --non-recursive"/>
    <property name="java.home" value="/Library/Java/JavaVirtualMachines/jdk-15.0.1.jdk/Contents/Home"/>
    <property name="user.language" value="zh"/>
    <property name="java.specification.vendor" value="Oracle Corporation"/>
    <property name="java.vm.info" value="mixed mode, sharing"/>
    <property name="java.version" value="15.0.1"/>
    <property name="java.vendor" value="Oracle Corporation"/>
    <property name="maven.home" value="/Users/pengfeili/Maven/apache-maven-3.6.3"/>
    <property name="file.separator" value="/"/>
    <property name="java.version.date" value="2020-10-20"/>
    <property name="java.vendor.url.bug" value="https://bugreport.java.com/bugreport/"/>
    <property name="sun.io.unicode.encoding" value="UnicodeBig"/>
    <property name="sun.cpu.endian" value="little"/>
    <property name="socksNonProxyHosts" value="local|*.local|169.254/16|*.169.254/16"/>
    <property name="ftp.nonProxyHosts" value="local|*.local|169.254/16|*.169.254/16"/>
  </properties>
  <testcase classname="org.apache.juli.TestOneLineFormatterMillisPerformance" name="testMillisHandling[0: format[dd-MMM-yyyy HH:mm:ss.SSS]]" time="0.399"/>
  <testcase classname="org.apache.juli.TestOneLineFormatterMillisPerformance" name="testMillisHandling[1: format[dd-MMM-yyyy HH:mm:ss.SS]]" time="0.715"/>
  <testcase classname="org.apache.juli.TestOneLineFormatterMillisPerformance" name="testMillisHandling[2: format[dd-MMM-yyyy HH:mm:ss.S]]" time="0.644"/>
  <testcase classname="org.apache.juli.TestOneLineFormatterMillisPerformance" name="testMillisHandling[3: format[dd-MMM-yyyy HH:mm:ss]]" time="0.197"/>
  <testcase classname="org.apache.juli.TestOneLineFormatterMillisPerformance" name="testMillisHandling[4: format[dd-MMM-yyyy HH:mm:ss XXX]]" time="0.189"/>
  <testcase classname="org.apache.juli.TestOneLineFormatterMillisPerformance" name="testMillisHandling[5: format[dd-MMM-yyyy HH:mm:ss.SSSXXX]]" time="0.813"/>
  <testcase classname="org.apache.juli.TestOneLineFormatterMillisPerformance" name="testMillisHandling[6: format[dd-MMM-yyyy HH:mm:ss.SSXXX]]" time="0.709"/>
  <testcase classname="org.apache.juli.TestOneLineFormatterMillisPerformance" name="testMillisHandling[7: format[dd-MMM-yyyy HH:mm:ss.SXXX]]" time="0.761"/>
  <testcase classname="org.apache.juli.TestOneLineFormatterMillisPerformance" name="testMillisHandling[8: format[SSS dd-MMM-yyyy HH:mm:ss]]" time="0.514"/>
  <testcase classname="org.apache.juli.TestOneLineFormatterMillisPerformance" name="testMillisHandling[9: format[SS dd-MMM-yyyy HH:mm:ss]]" time="0.521"/>
  <testcase classname="org.apache.juli.TestOneLineFormatterMillisPerformance" name="testMillisHandling[10: format[S dd-MMM-yyyy HH:mm:ss]]" time="0.832"/>
</testsuite>