<?xml version="1.0" encoding="UTF-8" ?>
<testsuite tests="45" failures="0" name="org.apache.catalina.core.TestApplicationContextGetRequestDispatcherB" time="3.106" errors="0" skipped="0">
  <properties>
    <property name="idea.version" value="2020.3.2"/>
    <property name="java.runtime.name" value="Java(TM) SE Runtime Environment"/>
    <property name="java.vm.version" value="15.0.1+9-18"/>
    <property name="sun.boot.library.path" value="/Library/Java/JavaVirtualMachines/jdk-15.0.1.jdk/Contents/Home/lib"/>
    <property name="maven.multiModuleProjectDirectory" value="/Users/pengfeili/Downloads/apache-tomcat-9.0.50-src"/>
    <property name="java.vm.vendor" value="Oracle Corporation"/>
    <property name="java.vendor.url" value="https://java.oracle.com/"/>
    <property name="guice.disable.misplaced.annotation.check" value="true"/>
    <property name="path.separator" value=":"/>
    <property name="java.vm.name" value="Java HotSpot(TM) 64-Bit Server VM"/>
    <property name="user.script" value="Hans"/>
    <property name="user.country" value="CN"/>
    <property name="sun.java.launcher" value="SUN_STANDARD"/>
    <property name="java.vm.specification.name" value="Java Virtual Machine Specification"/>
    <property name="user.dir" value="/Users/pengfeili/Downloads/apache-tomcat-9.0.50-src"/>
    <property name="java.vm.compressedOopsMode" value="Zero based"/>
    <property name="java.runtime.version" value="15.0.1+9-18"/>
    <property name="os.arch" value="x86_64"/>
    <property name="java.io.tmpdir" value="/var/folders/8n/n57t642x06jfyjrr_6ld6q540000gn/T/"/>
    <property name="line.separator" value="
"/>
    <property name="java.vm.specification.vendor" value="Oracle Corporation"/>
    <property name="os.name" value="Mac OS X"/>
    <property name="maven.ext.class.path" value="/Applications/IntelliJ IDEA.app/Contents/plugins/maven/lib/maven-event-listener.jar"/>
    <property name="classworlds.conf" value="/Users/pengfeili/Maven/apache-maven-3.6.3/bin/m2.conf"/>
    <property name="sun.jnu.encoding" value="UTF-8"/>
    <property name="java.library.path" value="/Users/pengfeili/Library/Java/Extensions:/Library/Java/Extensions:/Network/Library/Java/Extensions:/System/Library/Java/Extensions:/usr/lib/java:."/>
    <property name="maven.conf" value="/Users/pengfeili/Maven/apache-maven-3.6.3/conf"/>
    <property name="jdk.debug" value="release"/>
    <property name="java.class.version" value="59.0"/>
    <property name="java.specification.name" value="Java Platform API Specification"/>
    <property name="sun.management.compiler" value="HotSpot 64-Bit Tiered Compilers"/>
    <property name="os.version" value="10.16"/>
    <property name="http.nonProxyHosts" value="local|*.local|169.254/16|*.169.254/16"/>
    <property name="user.home" value="/Users/pengfeili"/>
    <property name="user.timezone" value="Asia/Shanghai"/>
    <property name="file.encoding" value="UTF-8"/>
    <property name="java.specification.version" value="15"/>
    <property name="user.name" value="pengfeili"/>
    <property name="java.class.path" value="/Users/pengfeili/Maven/apache-maven-3.6.3/boot/plexus-classworlds.license:/Users/pengfeili/Maven/apache-maven-3.6.3/boot/plexus-classworlds-2.6.0.jar"/>
    <property name="java.vm.specification.version" value="15"/>
    <property name="sun.arch.data.model" value="64"/>
    <property name="sun.java.command" value="org.codehaus.classworlds.Launcher -Didea.version=2020.3.2 install --non-recursive"/>
    <property name="java.home" value="/Library/Java/JavaVirtualMachines/jdk-15.0.1.jdk/Contents/Home"/>
    <property name="user.language" value="zh"/>
    <property name="java.specification.vendor" value="Oracle Corporation"/>
    <property name="java.vm.info" value="mixed mode, sharing"/>
    <property name="java.version" value="15.0.1"/>
    <property name="java.vendor" value="Oracle Corporation"/>
    <property name="maven.home" value="/Users/pengfeili/Maven/apache-maven-3.6.3"/>
    <property name="file.separator" value="/"/>
    <property name="java.version.date" value="2020-10-20"/>
    <property name="java.vendor.url.bug" value="https://bugreport.java.com/bugreport/"/>
    <property name="sun.io.unicode.encoding" value="UnicodeBig"/>
    <property name="sun.cpu.endian" value="little"/>
    <property name="socksNonProxyHosts" value="local|*.local|169.254/16|*.169.254/16"/>
    <property name="ftp.nonProxyHosts" value="local|*.local|169.254/16|*.169.254/16"/>
  </properties>
  <testcase classname="org.apache.catalina.core.TestApplicationContextGetRequestDispatcherB" name="doTest[0: startMapping[/start], startUri[/start], dispatcherType[INCLUDE], targetMapping[/target], targetUri[/target], useEncodedDispatchPaths[true], expectedRequestURI[/test/start], expectedContextPath[/test], expectedServletPath[/start], expectedPathInfo[null], expectedQueryString[null], expectedMappingMatch[EXACT, expectedMappingPattern[/start], expectedMappingMatchValue[start], expectedMappingServletName[rd], expectedDispatcherRequestURI[/test/target], expectedDispatcherContextPath[/test], expectedDispatcherServletPath[/target], expectedDispatcherPathInfo[null], expectedDispatcherQueryString[null], expectedDispatcherMappingMatch[EXACT],expectedDispatcherMappingPattern[/target], expectedDispatcherMappingMatchValue[target],expectedDispatcherMappingServletName[target],expectedBody]" time="0.068"/>
  <testcase classname="org.apache.catalina.core.TestApplicationContextGetRequestDispatcherB" name="doTest[1: startMapping[/start], startUri[/start], dispatcherType[FORWARD], targetMapping[/target], targetUri[/target], useEncodedDispatchPaths[true], expectedRequestURI[/test/target], expectedContextPath[/test], expectedServletPath[/target], expectedPathInfo[null], expectedQueryString[null], expectedMappingMatch[EXACT, expectedMappingPattern[/target], expectedMappingMatchValue[target], expectedMappingServletName[target], expectedDispatcherRequestURI[/test/start], expectedDispatcherContextPath[/test], expectedDispatcherServletPath[/start], expectedDispatcherPathInfo[null], expectedDispatcherQueryString[null], expectedDispatcherMappingMatch[EXACT],expectedDispatcherMappingPattern[/start], expectedDispatcherMappingMatchValue[start],expectedDispatcherMappingServletName[rd],expectedBody]" time="0.071"/>
  <testcase classname="org.apache.catalina.core.TestApplicationContextGetRequestDispatcherB" name="doTest[2: startMapping[/start], startUri[/start], dispatcherType[ASYNC], targetMapping[/target], targetUri[/target], useEncodedDispatchPaths[true], expectedRequestURI[/test/target], expectedContextPath[/test], expectedServletPath[/target], expectedPathInfo[null], expectedQueryString[null], expectedMappingMatch[EXACT, expectedMappingPattern[/target], expectedMappingMatchValue[target], expectedMappingServletName[target], expectedDispatcherRequestURI[/test/start], expectedDispatcherContextPath[/test], expectedDispatcherServletPath[/start], expectedDispatcherPathInfo[null], expectedDispatcherQueryString[null], expectedDispatcherMappingMatch[EXACT],expectedDispatcherMappingPattern[/start], expectedDispatcherMappingMatchValue[start],expectedDispatcherMappingServletName[rd],expectedBody]" time="0.068"/>
  <testcase classname="org.apache.catalina.core.TestApplicationContextGetRequestDispatcherB" name="doTest[3: startMapping[/start], startUri[/start?abcde=fghij], dispatcherType[INCLUDE], targetMapping[/target], targetUri[/target?zyxwv=utsrq], useEncodedDispatchPaths[true], expectedRequestURI[/test/start], expectedContextPath[/test], expectedServletPath[/start], expectedPathInfo[null], expectedQueryString[abcde=fghij], expectedMappingMatch[EXACT, expectedMappingPattern[/start], expectedMappingMatchValue[start], expectedMappingServletName[rd], expectedDispatcherRequestURI[/test/target], expectedDispatcherContextPath[/test], expectedDispatcherServletPath[/target], expectedDispatcherPathInfo[null], expectedDispatcherQueryString[zyxwv=utsrq], expectedDispatcherMappingMatch[EXACT],expectedDispatcherMappingPattern[/target], expectedDispatcherMappingMatchValue[target],expectedDispatcherMappingServletName[target],expectedBody]" time="0.071"/>
  <testcase classname="org.apache.catalina.core.TestApplicationContextGetRequestDispatcherB" name="doTest[4: startMapping[/start], startUri[/start?abcde=fghij], dispatcherType[FORWARD], targetMapping[/target], targetUri[/target?zyxwv=utsrq], useEncodedDispatchPaths[true], expectedRequestURI[/test/target], expectedContextPath[/test], expectedServletPath[/target], expectedPathInfo[null], expectedQueryString[zyxwv=utsrq], expectedMappingMatch[EXACT, expectedMappingPattern[/target], expectedMappingMatchValue[target], expectedMappingServletName[target], expectedDispatcherRequestURI[/test/start], expectedDispatcherContextPath[/test], expectedDispatcherServletPath[/start], expectedDispatcherPathInfo[null], expectedDispatcherQueryString[abcde=fghij], expectedDispatcherMappingMatch[EXACT],expectedDispatcherMappingPattern[/start], expectedDispatcherMappingMatchValue[start],expectedDispatcherMappingServletName[rd],expectedBody]" time="0.075"/>
  <testcase classname="org.apache.catalina.core.TestApplicationContextGetRequestDispatcherB" name="doTest[5: startMapping[/start], startUri[/start?abcde=fghij], dispatcherType[ASYNC], targetMapping[/target], targetUri[/target?zyxwv=utsrq], useEncodedDispatchPaths[true], expectedRequestURI[/test/target], expectedContextPath[/test], expectedServletPath[/target], expectedPathInfo[null], expectedQueryString[zyxwv=utsrq], expectedMappingMatch[EXACT, expectedMappingPattern[/target], expectedMappingMatchValue[target], expectedMappingServletName[target], expectedDispatcherRequestURI[/test/start], expectedDispatcherContextPath[/test], expectedDispatcherServletPath[/start], expectedDispatcherPathInfo[null], expectedDispatcherQueryString[abcde=fghij], expectedDispatcherMappingMatch[EXACT],expectedDispatcherMappingPattern[/start], expectedDispatcherMappingMatchValue[start],expectedDispatcherMappingServletName[rd],expectedBody]" time="0.069"/>
  <testcase classname="org.apache.catalina.core.TestApplicationContextGetRequestDispatcherB" name="doTest[6: startMapping[/start], startUri[/start;abcde=fghij], dispatcherType[INCLUDE], targetMapping[/target], targetUri[/target], useEncodedDispatchPaths[true], expectedRequestURI[/test/start;abcde=fghij], expectedContextPath[/test], expectedServletPath[/start], expectedPathInfo[null], expectedQueryString[null], expectedMappingMatch[EXACT, expectedMappingPattern[/start], expectedMappingMatchValue[start], expectedMappingServletName[rd], expectedDispatcherRequestURI[/test/target], expectedDispatcherContextPath[/test], expectedDispatcherServletPath[/target], expectedDispatcherPathInfo[null], expectedDispatcherQueryString[null], expectedDispatcherMappingMatch[EXACT],expectedDispatcherMappingPattern[/target], expectedDispatcherMappingMatchValue[target],expectedDispatcherMappingServletName[target],expectedBody]" time="0.067"/>
  <testcase classname="org.apache.catalina.core.TestApplicationContextGetRequestDispatcherB" name="doTest[7: startMapping[/start], startUri[/start;abcde=fghij], dispatcherType[FORWARD], targetMapping[/target], targetUri[/target], useEncodedDispatchPaths[true], expectedRequestURI[/test/target], expectedContextPath[/test], expectedServletPath[/target], expectedPathInfo[null], expectedQueryString[null], expectedMappingMatch[EXACT, expectedMappingPattern[/target], expectedMappingMatchValue[target], expectedMappingServletName[target], expectedDispatcherRequestURI[/test/start;abcde=fghij], expectedDispatcherContextPath[/test], expectedDispatcherServletPath[/start], expectedDispatcherPathInfo[null], expectedDispatcherQueryString[null], expectedDispatcherMappingMatch[EXACT],expectedDispatcherMappingPattern[/start], expectedDispatcherMappingMatchValue[start],expectedDispatcherMappingServletName[rd],expectedBody]" time="0.068"/>
  <testcase classname="org.apache.catalina.core.TestApplicationContextGetRequestDispatcherB" name="doTest[8: startMapping[/start], startUri[/start;abcde=fghij], dispatcherType[ASYNC], targetMapping[/target], targetUri[/target], useEncodedDispatchPaths[true], expectedRequestURI[/test/target], expectedContextPath[/test], expectedServletPath[/target], expectedPathInfo[null], expectedQueryString[null], expectedMappingMatch[EXACT, expectedMappingPattern[/target], expectedMappingMatchValue[target], expectedMappingServletName[target], expectedDispatcherRequestURI[/test/start;abcde=fghij], expectedDispatcherContextPath[/test], expectedDispatcherServletPath[/start], expectedDispatcherPathInfo[null], expectedDispatcherQueryString[null], expectedDispatcherMappingMatch[EXACT],expectedDispatcherMappingPattern[/start], expectedDispatcherMappingMatchValue[start],expectedDispatcherMappingServletName[rd],expectedBody]" time="0.072"/>
  <testcase classname="org.apache.catalina.core.TestApplicationContextGetRequestDispatcherB" name="doTest[9: startMapping[/start], startUri[;abcde=fghij/start], dispatcherType[INCLUDE], targetMapping[/target], targetUri[/target], useEncodedDispatchPaths[true], expectedRequestURI[/test;abcde=fghij/start], expectedContextPath[/test;abcde=fghij], expectedServletPath[/start], expectedPathInfo[null], expectedQueryString[null], expectedMappingMatch[EXACT, expectedMappingPattern[/start], expectedMappingMatchValue[start], expectedMappingServletName[rd], expectedDispatcherRequestURI[/test/target], expectedDispatcherContextPath[/test], expectedDispatcherServletPath[/target], expectedDispatcherPathInfo[null], expectedDispatcherQueryString[null], expectedDispatcherMappingMatch[EXACT],expectedDispatcherMappingPattern[/target], expectedDispatcherMappingMatchValue[target],expectedDispatcherMappingServletName[target],expectedBody]" time="0.069"/>
  <testcase classname="org.apache.catalina.core.TestApplicationContextGetRequestDispatcherB" name="doTest[10: startMapping[/start], startUri[;abcde=fghij/start], dispatcherType[FORWARD], targetMapping[/target], targetUri[/target], useEncodedDispatchPaths[true], expectedRequestURI[/test/target], expectedContextPath[/test], expectedServletPath[/target], expectedPathInfo[null], expectedQueryString[null], expectedMappingMatch[EXACT, expectedMappingPattern[/target], expectedMappingMatchValue[target], expectedMappingServletName[target], expectedDispatcherRequestURI[/test;abcde=fghij/start], expectedDispatcherContextPath[/test;abcde=fghij], expectedDispatcherServletPath[/start], expectedDispatcherPathInfo[null], expectedDispatcherQueryString[null], expectedDispatcherMappingMatch[EXACT],expectedDispatcherMappingPattern[/start], expectedDispatcherMappingMatchValue[start],expectedDispatcherMappingServletName[rd],expectedBody]" time="0.07"/>
  <testcase classname="org.apache.catalina.core.TestApplicationContextGetRequestDispatcherB" name="doTest[11: startMapping[/start], startUri[;abcde=fghij/start], dispatcherType[ASYNC], targetMapping[/target], targetUri[/target], useEncodedDispatchPaths[true], expectedRequestURI[/test/target], expectedContextPath[/test], expectedServletPath[/target], expectedPathInfo[null], expectedQueryString[null], expectedMappingMatch[EXACT, expectedMappingPattern[/target], expectedMappingMatchValue[target], expectedMappingServletName[target], expectedDispatcherRequestURI[/test;abcde=fghij/start], expectedDispatcherContextPath[/test;abcde=fghij], expectedDispatcherServletPath[/start], expectedDispatcherPathInfo[null], expectedDispatcherQueryString[null], expectedDispatcherMappingMatch[EXACT],expectedDispatcherMappingPattern[/start], expectedDispatcherMappingMatchValue[start],expectedDispatcherMappingServletName[rd],expectedBody]" time="0.071"/>
  <testcase classname="org.apache.catalina.core.TestApplicationContextGetRequestDispatcherB" name="doTest[12: startMapping[/start], startUri[/start], dispatcherType[INCLUDE], targetMapping[/target], targetUri[/target;abcde=fghij], useEncodedDispatchPaths[true], expectedRequestURI[/test/start], expectedContextPath[/test], expectedServletPath[/start], expectedPathInfo[null], expectedQueryString[null], expectedMappingMatch[EXACT, expectedMappingPattern[/start], expectedMappingMatchValue[start], expectedMappingServletName[rd], expectedDispatcherRequestURI[/test/target;abcde=fghij], expectedDispatcherContextPath[/test], expectedDispatcherServletPath[/target], expectedDispatcherPathInfo[null], expectedDispatcherQueryString[null], expectedDispatcherMappingMatch[EXACT],expectedDispatcherMappingPattern[/target], expectedDispatcherMappingMatchValue[target],expectedDispatcherMappingServletName[target],expectedBody]" time="0.071"/>
  <testcase classname="org.apache.catalina.core.TestApplicationContextGetRequestDispatcherB" name="doTest[13: startMapping[/start], startUri[/start], dispatcherType[FORWARD], targetMapping[/target], targetUri[/target;abcde=fghij], useEncodedDispatchPaths[true], expectedRequestURI[/test/target;abcde=fghij], expectedContextPath[/test], expectedServletPath[/target], expectedPathInfo[null], expectedQueryString[null], expectedMappingMatch[EXACT, expectedMappingPattern[/target], expectedMappingMatchValue[target], expectedMappingServletName[target], expectedDispatcherRequestURI[/test/start], expectedDispatcherContextPath[/test], expectedDispatcherServletPath[/start], expectedDispatcherPathInfo[null], expectedDispatcherQueryString[null], expectedDispatcherMappingMatch[EXACT],expectedDispatcherMappingPattern[/start], expectedDispatcherMappingMatchValue[start],expectedDispatcherMappingServletName[rd],expectedBody]" time="0.069"/>
  <testcase classname="org.apache.catalina.core.TestApplicationContextGetRequestDispatcherB" name="doTest[14: startMapping[/start], startUri[/start], dispatcherType[ASYNC], targetMapping[/target], targetUri[/target;abcde=fghij], useEncodedDispatchPaths[true], expectedRequestURI[/test/target;abcde=fghij], expectedContextPath[/test], expectedServletPath[/target], expectedPathInfo[null], expectedQueryString[null], expectedMappingMatch[EXACT, expectedMappingPattern[/target], expectedMappingMatchValue[target], expectedMappingServletName[target], expectedDispatcherRequestURI[/test/start], expectedDispatcherContextPath[/test], expectedDispatcherServletPath[/start], expectedDispatcherPathInfo[null], expectedDispatcherQueryString[null], expectedDispatcherMappingMatch[EXACT],expectedDispatcherMappingPattern[/start], expectedDispatcherMappingMatchValue[start],expectedDispatcherMappingServletName[rd],expectedBody]" time="0.068"/>
  <testcase classname="org.apache.catalina.core.TestApplicationContextGetRequestDispatcherB" name="doTest[15: startMapping[/start], startUri[/start;abcde=fghij], dispatcherType[INCLUDE], targetMapping[/target], targetUri[;klmno=pqrst/target;uvwxy=z0123], useEncodedDispatchPaths[true], expectedRequestURI[/test/start;abcde=fghij], expectedContextPath[/test], expectedServletPath[/start], expectedPathInfo[null], expectedQueryString[null], expectedMappingMatch[EXACT, expectedMappingPattern[/start], expectedMappingMatchValue[start], expectedMappingServletName[rd], expectedDispatcherRequestURI[/test/;klmno=pqrst/target;uvwxy=z0123], expectedDispatcherContextPath[/test], expectedDispatcherServletPath[/target], expectedDispatcherPathInfo[null], expectedDispatcherQueryString[null], expectedDispatcherMappingMatch[EXACT],expectedDispatcherMappingPattern[/target], expectedDispatcherMappingMatchValue[target],expectedDispatcherMappingServletName[target],expectedBody]" time="0.07"/>
  <testcase classname="org.apache.catalina.core.TestApplicationContextGetRequestDispatcherB" name="doTest[16: startMapping[/start], startUri[/start;abcde=fghij], dispatcherType[FORWARD], targetMapping[/target], targetUri[;klmno=pqrst/target;uvwxy=z0123], useEncodedDispatchPaths[true], expectedRequestURI[/test/;klmno=pqrst/target;uvwxy=z0123], expectedContextPath[/test], expectedServletPath[/target], expectedPathInfo[null], expectedQueryString[null], expectedMappingMatch[EXACT, expectedMappingPattern[/target], expectedMappingMatchValue[target], expectedMappingServletName[target], expectedDispatcherRequestURI[/test/start;abcde=fghij], expectedDispatcherContextPath[/test], expectedDispatcherServletPath[/start], expectedDispatcherPathInfo[null], expectedDispatcherQueryString[null], expectedDispatcherMappingMatch[EXACT],expectedDispatcherMappingPattern[/start], expectedDispatcherMappingMatchValue[start],expectedDispatcherMappingServletName[rd],expectedBody]" time="0.067"/>
  <testcase classname="org.apache.catalina.core.TestApplicationContextGetRequestDispatcherB" name="doTest[17: startMapping[/start], startUri[/start;abcde=fghij], dispatcherType[ASYNC], targetMapping[/target], targetUri[;klmno=pqrst/target;uvwxy=z0123], useEncodedDispatchPaths[true], expectedRequestURI[/test/;klmno=pqrst/target;uvwxy=z0123], expectedContextPath[/test], expectedServletPath[/target], expectedPathInfo[null], expectedQueryString[null], expectedMappingMatch[EXACT, expectedMappingPattern[/target], expectedMappingMatchValue[target], expectedMappingServletName[target], expectedDispatcherRequestURI[/test/start;abcde=fghij], expectedDispatcherContextPath[/test], expectedDispatcherServletPath[/start], expectedDispatcherPathInfo[null], expectedDispatcherQueryString[null], expectedDispatcherMappingMatch[EXACT],expectedDispatcherMappingPattern[/start], expectedDispatcherMappingMatchValue[start],expectedDispatcherMappingServletName[rd],expectedBody]" time="0.071"/>
  <testcase classname="org.apache.catalina.core.TestApplicationContextGetRequestDispatcherB" name="doTest[18: startMapping[/start/*], startUri[/start/foo], dispatcherType[INCLUDE], targetMapping[/target], targetUri[../target], useEncodedDispatchPaths[true], expectedRequestURI[/test/start/foo], expectedContextPath[/test], expectedServletPath[/start], expectedPathInfo[/foo], expectedQueryString[null], expectedMappingMatch[PATH, expectedMappingPattern[/start/*], expectedMappingMatchValue[foo], expectedMappingServletName[rd], expectedDispatcherRequestURI[/test/start/../target], expectedDispatcherContextPath[/test], expectedDispatcherServletPath[/target], expectedDispatcherPathInfo[null], expectedDispatcherQueryString[null], expectedDispatcherMappingMatch[EXACT],expectedDispatcherMappingPattern[/target], expectedDispatcherMappingMatchValue[target],expectedDispatcherMappingServletName[target],expectedBody]" time="0.07"/>
  <testcase classname="org.apache.catalina.core.TestApplicationContextGetRequestDispatcherB" name="doTest[19: startMapping[/start/*], startUri[/start/foo], dispatcherType[FORWARD], targetMapping[/target], targetUri[../target], useEncodedDispatchPaths[true], expectedRequestURI[/test/start/../target], expectedContextPath[/test], expectedServletPath[/target], expectedPathInfo[null], expectedQueryString[null], expectedMappingMatch[EXACT, expectedMappingPattern[/target], expectedMappingMatchValue[target], expectedMappingServletName[target], expectedDispatcherRequestURI[/test/start/foo], expectedDispatcherContextPath[/test], expectedDispatcherServletPath[/start], expectedDispatcherPathInfo[/foo], expectedDispatcherQueryString[null], expectedDispatcherMappingMatch[PATH],expectedDispatcherMappingPattern[/start/*], expectedDispatcherMappingMatchValue[foo],expectedDispatcherMappingServletName[rd],expectedBody]" time="0.07"/>
  <testcase classname="org.apache.catalina.core.TestApplicationContextGetRequestDispatcherB" name="doTest[20: startMapping[/start/*], startUri[/start/foo], dispatcherType[ASYNC], targetMapping[/target], targetUri[../target], useEncodedDispatchPaths[true], expectedRequestURI[/test/start/../target], expectedContextPath[/test], expectedServletPath[/target], expectedPathInfo[null], expectedQueryString[null], expectedMappingMatch[EXACT, expectedMappingPattern[/target], expectedMappingMatchValue[target], expectedMappingServletName[target], expectedDispatcherRequestURI[/test/start/foo], expectedDispatcherContextPath[/test], expectedDispatcherServletPath[/start], expectedDispatcherPathInfo[/foo], expectedDispatcherQueryString[null], expectedDispatcherMappingMatch[PATH],expectedDispatcherMappingPattern[/start/*], expectedDispatcherMappingMatchValue[foo],expectedDispatcherMappingServletName[rd],expectedBody]" time="0.068"/>
  <testcase classname="org.apache.catalina.core.TestApplicationContextGetRequestDispatcherB" name="doTest[21: startMapping[/start/*], startUri[/start;abcde=fghij/foo], dispatcherType[INCLUDE], targetMapping[/target], targetUri[../target;klmno=pqrst], useEncodedDispatchPaths[true], expectedRequestURI[/test/start;abcde=fghij/foo], expectedContextPath[/test], expectedServletPath[/start], expectedPathInfo[/foo], expectedQueryString[null], expectedMappingMatch[PATH, expectedMappingPattern[/start/*], expectedMappingMatchValue[foo], expectedMappingServletName[rd], expectedDispatcherRequestURI[/test/start/../target;klmno=pqrst], expectedDispatcherContextPath[/test], expectedDispatcherServletPath[/target], expectedDispatcherPathInfo[null], expectedDispatcherQueryString[null], expectedDispatcherMappingMatch[EXACT],expectedDispatcherMappingPattern[/target], expectedDispatcherMappingMatchValue[target],expectedDispatcherMappingServletName[target],expectedBody]" time="0.071"/>
  <testcase classname="org.apache.catalina.core.TestApplicationContextGetRequestDispatcherB" name="doTest[22: startMapping[/start/*], startUri[/start;abcde=fghij/foo], dispatcherType[FORWARD], targetMapping[/target], targetUri[../target;klmno=pqrst], useEncodedDispatchPaths[true], expectedRequestURI[/test/start/../target;klmno=pqrst], expectedContextPath[/test], expectedServletPath[/target], expectedPathInfo[null], expectedQueryString[null], expectedMappingMatch[EXACT, expectedMappingPattern[/target], expectedMappingMatchValue[target], expectedMappingServletName[target], expectedDispatcherRequestURI[/test/start;abcde=fghij/foo], expectedDispatcherContextPath[/test], expectedDispatcherServletPath[/start], expectedDispatcherPathInfo[/foo], expectedDispatcherQueryString[null], expectedDispatcherMappingMatch[PATH],expectedDispatcherMappingPattern[/start/*], expectedDispatcherMappingMatchValue[foo],expectedDispatcherMappingServletName[rd],expectedBody]" time="0.073"/>
  <testcase classname="org.apache.catalina.core.TestApplicationContextGetRequestDispatcherB" name="doTest[23: startMapping[/start/*], startUri[/start;abcde=fghij/foo], dispatcherType[ASYNC], targetMapping[/target], targetUri[../target;klmno=pqrst], useEncodedDispatchPaths[true], expectedRequestURI[/test/start;abcde=fghij/../target;klmno=pqrst], expectedContextPath[/test], expectedServletPath[/target], expectedPathInfo[null], expectedQueryString[null], expectedMappingMatch[EXACT, expectedMappingPattern[/target], expectedMappingMatchValue[target], expectedMappingServletName[target], expectedDispatcherRequestURI[/test/start;abcde=fghij/foo], expectedDispatcherContextPath[/test], expectedDispatcherServletPath[/start], expectedDispatcherPathInfo[/foo], expectedDispatcherQueryString[null], expectedDispatcherMappingMatch[PATH],expectedDispatcherMappingPattern[/start/*], expectedDispatcherMappingMatchValue[foo],expectedDispatcherMappingServletName[rd],expectedBody]" time="0.069"/>
  <testcase classname="org.apache.catalina.core.TestApplicationContextGetRequestDispatcherB" name="doTest[24: startMapping[/start/*], startUri[/start/foo], dispatcherType[INCLUDE], targetMapping[/target], targetUri[../../target], useEncodedDispatchPaths[true], expectedRequestURI[/test/start/foo], expectedContextPath[/test], expectedServletPath[/start], expectedPathInfo[/foo], expectedQueryString[null], expectedMappingMatch[PATH, expectedMappingPattern[/start/*], expectedMappingMatchValue[foo], expectedMappingServletName[rd], expectedDispatcherRequestURI[/test/start/../target], expectedDispatcherContextPath[/test], expectedDispatcherServletPath[/target], expectedDispatcherPathInfo[null], expectedDispatcherQueryString[null], expectedDispatcherMappingMatch[EXACT],expectedDispatcherMappingPattern[/target], expectedDispatcherMappingMatchValue[target],expectedDispatcherMappingServletName[target],expectedBody]" time="0.064"/>
  <testcase classname="org.apache.catalina.core.TestApplicationContextGetRequestDispatcherB" name="doTest[25: startMapping[/start/*], startUri[/start/foo], dispatcherType[FORWARD], targetMapping[/target], targetUri[../../target], useEncodedDispatchPaths[true], expectedRequestURI[/test/start/../target], expectedContextPath[/test], expectedServletPath[/target], expectedPathInfo[null], expectedQueryString[null], expectedMappingMatch[EXACT, expectedMappingPattern[/target], expectedMappingMatchValue[target], expectedMappingServletName[target], expectedDispatcherRequestURI[/test/start/foo], expectedDispatcherContextPath[/test], expectedDispatcherServletPath[/start], expectedDispatcherPathInfo[/foo], expectedDispatcherQueryString[null], expectedDispatcherMappingMatch[PATH],expectedDispatcherMappingPattern[/start/*], expectedDispatcherMappingMatchValue[foo],expectedDispatcherMappingServletName[rd],expectedBody]" time="0.072"/>
  <testcase classname="org.apache.catalina.core.TestApplicationContextGetRequestDispatcherB" name="doTest[26: startMapping[/start/*], startUri[/start/foo], dispatcherType[ASYNC], targetMapping[/target], targetUri[../../target], useEncodedDispatchPaths[true], expectedRequestURI[/test/start/../target], expectedContextPath[/test], expectedServletPath[/target], expectedPathInfo[null], expectedQueryString[null], expectedMappingMatch[EXACT, expectedMappingPattern[/target], expectedMappingMatchValue[target], expectedMappingServletName[target], expectedDispatcherRequestURI[/test/start/foo], expectedDispatcherContextPath[/test], expectedDispatcherServletPath[/start], expectedDispatcherPathInfo[/foo], expectedDispatcherQueryString[null], expectedDispatcherMappingMatch[PATH],expectedDispatcherMappingPattern[/start/*], expectedDispatcherMappingMatchValue[foo],expectedDispatcherMappingServletName[rd],expectedBody]" time="0.07"/>
  <testcase classname="org.apache.catalina.core.TestApplicationContextGetRequestDispatcherB" name="doTest[27: startMapping[/start], startUri[/start], dispatcherType[INCLUDE], targetMapping[/target], targetUri[/does-not-exist], useEncodedDispatchPaths[true], expectedRequestURI[/test/start], expectedContextPath[/test], expectedServletPath[/start], expectedPathInfo[null], expectedQueryString[null], expectedMappingMatch[EXACT, expectedMappingPattern[/start], expectedMappingMatchValue[start], expectedMappingServletName[rd], expectedDispatcherRequestURI[/test/target], expectedDispatcherContextPath[/test], expectedDispatcherServletPath[/target], expectedDispatcherPathInfo[null], expectedDispatcherQueryString[null], expectedDispatcherMappingMatch[EXACT],expectedDispatcherMappingPattern[/target], expectedDispatcherMappingMatchValue[target],expectedDispatcherMappingServletName[target],expectedBody]" time="0.068"/>
  <testcase classname="org.apache.catalina.core.TestApplicationContextGetRequestDispatcherB" name="doTest[28: startMapping[/start], startUri[/start], dispatcherType[FORWARD], targetMapping[/target], targetUri[/does-not-exist], useEncodedDispatchPaths[true], expectedRequestURI[/test/target], expectedContextPath[/test], expectedServletPath[/target], expectedPathInfo[null], expectedQueryString[null], expectedMappingMatch[EXACT, expectedMappingPattern[/target], expectedMappingMatchValue[target], expectedMappingServletName[target], expectedDispatcherRequestURI[/test/start], expectedDispatcherContextPath[/test], expectedDispatcherServletPath[/start], expectedDispatcherPathInfo[null], expectedDispatcherQueryString[null], expectedDispatcherMappingMatch[EXACT],expectedDispatcherMappingPattern[/start], expectedDispatcherMappingMatchValue[start],expectedDispatcherMappingServletName[rd],expectedBody]" time="0.071"/>
  <testcase classname="org.apache.catalina.core.TestApplicationContextGetRequestDispatcherB" name="doTest[29: startMapping[/start], startUri[/start], dispatcherType[ASYNC], targetMapping[/target], targetUri[/does-not-exist], useEncodedDispatchPaths[true], expectedRequestURI[/test/target], expectedContextPath[/test], expectedServletPath[/target], expectedPathInfo[null], expectedQueryString[null], expectedMappingMatch[EXACT, expectedMappingPattern[/target], expectedMappingMatchValue[target], expectedMappingServletName[target], expectedDispatcherRequestURI[/test/start], expectedDispatcherContextPath[/test], expectedDispatcherServletPath[/start], expectedDispatcherPathInfo[null], expectedDispatcherQueryString[null], expectedDispatcherMappingMatch[EXACT],expectedDispatcherMappingPattern[/start], expectedDispatcherMappingMatchValue[start],expectedDispatcherMappingServletName[rd],expectedBody]" time="0.067"/>
  <testcase classname="org.apache.catalina.core.TestApplicationContextGetRequestDispatcherB" name="doTest[30: startMapping[/start], startUri[/start], dispatcherType[INCLUDE], targetMapping[*.html], targetUri[/], useEncodedDispatchPaths[true], expectedRequestURI[/test/start], expectedContextPath[/test], expectedServletPath[/start], expectedPathInfo[null], expectedQueryString[null], expectedMappingMatch[EXACT, expectedMappingPattern[/start], expectedMappingMatchValue[start], expectedMappingServletName[rd], expectedDispatcherRequestURI[/test/], expectedDispatcherContextPath[/test], expectedDispatcherServletPath[/index.html], expectedDispatcherPathInfo[null], expectedDispatcherQueryString[null], expectedDispatcherMappingMatch[EXTENSION],expectedDispatcherMappingPattern[*.html], expectedDispatcherMappingMatchValue[index],expectedDispatcherMappingServletName[target],expectedBody]" time="0.062"/>
  <testcase classname="org.apache.catalina.core.TestApplicationContextGetRequestDispatcherB" name="doTest[31: startMapping[/start], startUri[/start], dispatcherType[FORWARD], targetMapping[*.html], targetUri[/], useEncodedDispatchPaths[true], expectedRequestURI[/test/], expectedContextPath[/test], expectedServletPath[/index.html], expectedPathInfo[null], expectedQueryString[null], expectedMappingMatch[EXTENSION, expectedMappingPattern[*.html], expectedMappingMatchValue[index], expectedMappingServletName[target], expectedDispatcherRequestURI[/test/start], expectedDispatcherContextPath[/test], expectedDispatcherServletPath[/start], expectedDispatcherPathInfo[null], expectedDispatcherQueryString[null], expectedDispatcherMappingMatch[EXACT],expectedDispatcherMappingPattern[/start], expectedDispatcherMappingMatchValue[start],expectedDispatcherMappingServletName[rd],expectedBody]" time="0.06"/>
  <testcase classname="org.apache.catalina.core.TestApplicationContextGetRequestDispatcherB" name="doTest[32: startMapping[/start], startUri[/start], dispatcherType[ASYNC], targetMapping[*.html], targetUri[/], useEncodedDispatchPaths[true], expectedRequestURI[/test/], expectedContextPath[/test], expectedServletPath[/index.html], expectedPathInfo[null], expectedQueryString[null], expectedMappingMatch[EXTENSION, expectedMappingPattern[*.html], expectedMappingMatchValue[index], expectedMappingServletName[target], expectedDispatcherRequestURI[/test/start], expectedDispatcherContextPath[/test], expectedDispatcherServletPath[/start], expectedDispatcherPathInfo[null], expectedDispatcherQueryString[null], expectedDispatcherMappingMatch[EXACT],expectedDispatcherMappingPattern[/start], expectedDispatcherMappingMatchValue[start],expectedDispatcherMappingServletName[rd],expectedBody]" time="0.061"/>
  <testcase classname="org.apache.catalina.core.TestApplicationContextGetRequestDispatcherB" name="doTest[33: startMapping[/start], startUri[/start?abcde=fghij], dispatcherType[INCLUDE], targetMapping[*.html], targetUri[/?zyxwv=utsrq], useEncodedDispatchPaths[true], expectedRequestURI[/test/start], expectedContextPath[/test], expectedServletPath[/start], expectedPathInfo[null], expectedQueryString[abcde=fghij], expectedMappingMatch[EXACT, expectedMappingPattern[/start], expectedMappingMatchValue[start], expectedMappingServletName[rd], expectedDispatcherRequestURI[/test/], expectedDispatcherContextPath[/test], expectedDispatcherServletPath[/index.html], expectedDispatcherPathInfo[null], expectedDispatcherQueryString[zyxwv=utsrq], expectedDispatcherMappingMatch[EXTENSION],expectedDispatcherMappingPattern[*.html], expectedDispatcherMappingMatchValue[index],expectedDispatcherMappingServletName[target],expectedBody]" time="0.064"/>
  <testcase classname="org.apache.catalina.core.TestApplicationContextGetRequestDispatcherB" name="doTest[34: startMapping[/start], startUri[/start?abcde=fghij], dispatcherType[FORWARD], targetMapping[*.html], targetUri[/?zyxwv=utsrq], useEncodedDispatchPaths[true], expectedRequestURI[/test/], expectedContextPath[/test], expectedServletPath[/index.html], expectedPathInfo[null], expectedQueryString[zyxwv=utsrq], expectedMappingMatch[EXTENSION, expectedMappingPattern[*.html], expectedMappingMatchValue[index], expectedMappingServletName[target], expectedDispatcherRequestURI[/test/start], expectedDispatcherContextPath[/test], expectedDispatcherServletPath[/start], expectedDispatcherPathInfo[null], expectedDispatcherQueryString[abcde=fghij], expectedDispatcherMappingMatch[EXACT],expectedDispatcherMappingPattern[/start], expectedDispatcherMappingMatchValue[start],expectedDispatcherMappingServletName[rd],expectedBody]" time="0.073"/>
  <testcase classname="org.apache.catalina.core.TestApplicationContextGetRequestDispatcherB" name="doTest[35: startMapping[/start], startUri[/start?abcde=fghij], dispatcherType[ASYNC], targetMapping[*.html], targetUri[/?zyxwv=utsrq], useEncodedDispatchPaths[true], expectedRequestURI[/test/], expectedContextPath[/test], expectedServletPath[/index.html], expectedPathInfo[null], expectedQueryString[zyxwv=utsrq], expectedMappingMatch[EXTENSION, expectedMappingPattern[*.html], expectedMappingMatchValue[index], expectedMappingServletName[target], expectedDispatcherRequestURI[/test/start], expectedDispatcherContextPath[/test], expectedDispatcherServletPath[/start], expectedDispatcherPathInfo[null], expectedDispatcherQueryString[abcde=fghij], expectedDispatcherMappingMatch[EXACT],expectedDispatcherMappingPattern[/start], expectedDispatcherMappingMatchValue[start],expectedDispatcherMappingServletName[rd],expectedBody]" time="0.073"/>
  <testcase classname="org.apache.catalina.core.TestApplicationContextGetRequestDispatcherB" name="doTest[36: startMapping[/start], startUri[/start;abcde=fghij], dispatcherType[INCLUDE], targetMapping[*.html], targetUri[/], useEncodedDispatchPaths[true], expectedRequestURI[/test/start;abcde=fghij], expectedContextPath[/test], expectedServletPath[/start], expectedPathInfo[null], expectedQueryString[null], expectedMappingMatch[EXACT, expectedMappingPattern[/start], expectedMappingMatchValue[start], expectedMappingServletName[rd], expectedDispatcherRequestURI[/test/], expectedDispatcherContextPath[/test], expectedDispatcherServletPath[/index.html], expectedDispatcherPathInfo[null], expectedDispatcherQueryString[null], expectedDispatcherMappingMatch[EXTENSION],expectedDispatcherMappingPattern[*.html], expectedDispatcherMappingMatchValue[index],expectedDispatcherMappingServletName[target],expectedBody]" time="0.071"/>
  <testcase classname="org.apache.catalina.core.TestApplicationContextGetRequestDispatcherB" name="doTest[37: startMapping[/start], startUri[/start;abcde=fghij], dispatcherType[FORWARD], targetMapping[*.html], targetUri[/], useEncodedDispatchPaths[true], expectedRequestURI[/test/], expectedContextPath[/test], expectedServletPath[/index.html], expectedPathInfo[null], expectedQueryString[null], expectedMappingMatch[EXTENSION, expectedMappingPattern[*.html], expectedMappingMatchValue[index], expectedMappingServletName[target], expectedDispatcherRequestURI[/test/start;abcde=fghij], expectedDispatcherContextPath[/test], expectedDispatcherServletPath[/start], expectedDispatcherPathInfo[null], expectedDispatcherQueryString[null], expectedDispatcherMappingMatch[EXACT],expectedDispatcherMappingPattern[/start], expectedDispatcherMappingMatchValue[start],expectedDispatcherMappingServletName[rd],expectedBody]" time="0.071"/>
  <testcase classname="org.apache.catalina.core.TestApplicationContextGetRequestDispatcherB" name="doTest[38: startMapping[/start], startUri[/start;abcde=fghij], dispatcherType[ASYNC], targetMapping[*.html], targetUri[/], useEncodedDispatchPaths[true], expectedRequestURI[/test/], expectedContextPath[/test], expectedServletPath[/index.html], expectedPathInfo[null], expectedQueryString[null], expectedMappingMatch[EXTENSION, expectedMappingPattern[*.html], expectedMappingMatchValue[index], expectedMappingServletName[target], expectedDispatcherRequestURI[/test/start;abcde=fghij], expectedDispatcherContextPath[/test], expectedDispatcherServletPath[/start], expectedDispatcherPathInfo[null], expectedDispatcherQueryString[null], expectedDispatcherMappingMatch[EXACT],expectedDispatcherMappingPattern[/start], expectedDispatcherMappingMatchValue[start],expectedDispatcherMappingServletName[rd],expectedBody]" time="0.066"/>
  <testcase classname="org.apache.catalina.core.TestApplicationContextGetRequestDispatcherB" name="doTest[39: startMapping[/start], startUri[;abcde=fghij/start], dispatcherType[INCLUDE], targetMapping[*.html], targetUri[/], useEncodedDispatchPaths[true], expectedRequestURI[/test;abcde=fghij/start], expectedContextPath[/test;abcde=fghij], expectedServletPath[/start], expectedPathInfo[null], expectedQueryString[null], expectedMappingMatch[EXACT, expectedMappingPattern[/start], expectedMappingMatchValue[start], expectedMappingServletName[rd], expectedDispatcherRequestURI[/test/], expectedDispatcherContextPath[/test], expectedDispatcherServletPath[/index.html], expectedDispatcherPathInfo[null], expectedDispatcherQueryString[null], expectedDispatcherMappingMatch[EXTENSION],expectedDispatcherMappingPattern[*.html], expectedDispatcherMappingMatchValue[index],expectedDispatcherMappingServletName[target],expectedBody]" time="0.071"/>
  <testcase classname="org.apache.catalina.core.TestApplicationContextGetRequestDispatcherB" name="doTest[40: startMapping[/start], startUri[;abcde=fghij/start], dispatcherType[FORWARD], targetMapping[*.html], targetUri[/], useEncodedDispatchPaths[true], expectedRequestURI[/test/], expectedContextPath[/test], expectedServletPath[/index.html], expectedPathInfo[null], expectedQueryString[null], expectedMappingMatch[EXTENSION, expectedMappingPattern[*.html], expectedMappingMatchValue[index], expectedMappingServletName[target], expectedDispatcherRequestURI[/test;abcde=fghij/start], expectedDispatcherContextPath[/test;abcde=fghij], expectedDispatcherServletPath[/start], expectedDispatcherPathInfo[null], expectedDispatcherQueryString[null], expectedDispatcherMappingMatch[EXACT],expectedDispatcherMappingPattern[/start], expectedDispatcherMappingMatchValue[start],expectedDispatcherMappingServletName[rd],expectedBody]" time="0.066"/>
  <testcase classname="org.apache.catalina.core.TestApplicationContextGetRequestDispatcherB" name="doTest[41: startMapping[/start], startUri[;abcde=fghij/start], dispatcherType[ASYNC], targetMapping[*.html], targetUri[/], useEncodedDispatchPaths[true], expectedRequestURI[/test/], expectedContextPath[/test], expectedServletPath[/index.html], expectedPathInfo[null], expectedQueryString[null], expectedMappingMatch[EXTENSION, expectedMappingPattern[*.html], expectedMappingMatchValue[index], expectedMappingServletName[target], expectedDispatcherRequestURI[/test;abcde=fghij/start], expectedDispatcherContextPath[/test;abcde=fghij], expectedDispatcherServletPath[/start], expectedDispatcherPathInfo[null], expectedDispatcherQueryString[null], expectedDispatcherMappingMatch[EXACT],expectedDispatcherMappingPattern[/start], expectedDispatcherMappingMatchValue[start],expectedDispatcherMappingServletName[rd],expectedBody]" time="0.073"/>
  <testcase classname="org.apache.catalina.core.TestApplicationContextGetRequestDispatcherB" name="doTest[42: startMapping[/start], startUri[/start], dispatcherType[INCLUDE], targetMapping[*.html], targetUri[/;abcde=fghij], useEncodedDispatchPaths[true], expectedRequestURI[/test/start], expectedContextPath[/test], expectedServletPath[/start], expectedPathInfo[null], expectedQueryString[null], expectedMappingMatch[EXACT, expectedMappingPattern[/start], expectedMappingMatchValue[start], expectedMappingServletName[rd], expectedDispatcherRequestURI[/test/;abcde=fghij], expectedDispatcherContextPath[/test], expectedDispatcherServletPath[/index.html], expectedDispatcherPathInfo[null], expectedDispatcherQueryString[null], expectedDispatcherMappingMatch[EXTENSION],expectedDispatcherMappingPattern[*.html], expectedDispatcherMappingMatchValue[index],expectedDispatcherMappingServletName[target],expectedBody]" time="0.07"/>
  <testcase classname="org.apache.catalina.core.TestApplicationContextGetRequestDispatcherB" name="doTest[43: startMapping[/start], startUri[/start], dispatcherType[FORWARD], targetMapping[*.html], targetUri[/;abcde=fghij], useEncodedDispatchPaths[true], expectedRequestURI[/test/;abcde=fghij], expectedContextPath[/test], expectedServletPath[/index.html], expectedPathInfo[null], expectedQueryString[null], expectedMappingMatch[EXTENSION, expectedMappingPattern[*.html], expectedMappingMatchValue[index], expectedMappingServletName[target], expectedDispatcherRequestURI[/test/start], expectedDispatcherContextPath[/test], expectedDispatcherServletPath[/start], expectedDispatcherPathInfo[null], expectedDispatcherQueryString[null], expectedDispatcherMappingMatch[EXACT],expectedDispatcherMappingPattern[/start], expectedDispatcherMappingMatchValue[start],expectedDispatcherMappingServletName[rd],expectedBody]" time="0.07"/>
  <testcase classname="org.apache.catalina.core.TestApplicationContextGetRequestDispatcherB" name="doTest[44: startMapping[/start], startUri[/start], dispatcherType[ASYNC], targetMapping[*.html], targetUri[/;abcde=fghij], useEncodedDispatchPaths[true], expectedRequestURI[/test/;abcde=fghij], expectedContextPath[/test], expectedServletPath[/index.html], expectedPathInfo[null], expectedQueryString[null], expectedMappingMatch[EXTENSION, expectedMappingPattern[*.html], expectedMappingMatchValue[index], expectedMappingServletName[target], expectedDispatcherRequestURI[/test/start], expectedDispatcherContextPath[/test], expectedDispatcherServletPath[/start], expectedDispatcherPathInfo[null], expectedDispatcherQueryString[null], expectedDispatcherMappingMatch[EXACT],expectedDispatcherMappingPattern[/start], expectedDispatcherMappingMatchValue[start],expectedDispatcherMappingServletName[rd],expectedBody]" time="0.067"/>
</testsuite>