<?xml version="1.0" encoding="UTF-8" ?>
<testsuite tests="22" failures="0" name="org.apache.catalina.filters.TestRemoteIpFilter" time="1.103" errors="0" skipped="0">
  <properties>
    <property name="idea.version" value="2020.3.2"/>
    <property name="java.runtime.name" value="Java(TM) SE Runtime Environment"/>
    <property name="java.vm.version" value="15.0.1+9-18"/>
    <property name="sun.boot.library.path" value="/Library/Java/JavaVirtualMachines/jdk-15.0.1.jdk/Contents/Home/lib"/>
    <property name="maven.multiModuleProjectDirectory" value="/Users/pengfeili/Downloads/apache-tomcat-9.0.50-src"/>
    <property name="java.vm.vendor" value="Oracle Corporation"/>
    <property name="java.vendor.url" value="https://java.oracle.com/"/>
    <property name="guice.disable.misplaced.annotation.check" value="true"/>
    <property name="path.separator" value=":"/>
    <property name="java.vm.name" value="Java HotSpot(TM) 64-Bit Server VM"/>
    <property name="user.script" value="Hans"/>
    <property name="user.country" value="CN"/>
    <property name="sun.java.launcher" value="SUN_STANDARD"/>
    <property name="java.vm.specification.name" value="Java Virtual Machine Specification"/>
    <property name="user.dir" value="/Users/pengfeili/Downloads/apache-tomcat-9.0.50-src"/>
    <property name="java.vm.compressedOopsMode" value="Zero based"/>
    <property name="java.runtime.version" value="15.0.1+9-18"/>
    <property name="os.arch" value="x86_64"/>
    <property name="java.io.tmpdir" value="/var/folders/8n/n57t642x06jfyjrr_6ld6q540000gn/T/"/>
    <property name="line.separator" value="
"/>
    <property name="java.vm.specification.vendor" value="Oracle Corporation"/>
    <property name="os.name" value="Mac OS X"/>
    <property name="maven.ext.class.path" value="/Applications/IntelliJ IDEA.app/Contents/plugins/maven/lib/maven-event-listener.jar"/>
    <property name="classworlds.conf" value="/Users/pengfeili/Maven/apache-maven-3.6.3/bin/m2.conf"/>
    <property name="sun.jnu.encoding" value="UTF-8"/>
    <property name="java.library.path" value="/Users/pengfeili/Library/Java/Extensions:/Library/Java/Extensions:/Network/Library/Java/Extensions:/System/Library/Java/Extensions:/usr/lib/java:."/>
    <property name="maven.conf" value="/Users/pengfeili/Maven/apache-maven-3.6.3/conf"/>
    <property name="jdk.debug" value="release"/>
    <property name="java.class.version" value="59.0"/>
    <property name="java.specification.name" value="Java Platform API Specification"/>
    <property name="sun.management.compiler" value="HotSpot 64-Bit Tiered Compilers"/>
    <property name="os.version" value="10.16"/>
    <property name="http.nonProxyHosts" value="local|*.local|169.254/16|*.169.254/16"/>
    <property name="user.home" value="/Users/pengfeili"/>
    <property name="user.timezone" value="Asia/Shanghai"/>
    <property name="file.encoding" value="UTF-8"/>
    <property name="java.specification.version" value="15"/>
    <property name="user.name" value="pengfeili"/>
    <property name="java.class.path" value="/Users/pengfeili/Maven/apache-maven-3.6.3/boot/plexus-classworlds.license:/Users/pengfeili/Maven/apache-maven-3.6.3/boot/plexus-classworlds-2.6.0.jar"/>
    <property name="java.vm.specification.version" value="15"/>
    <property name="sun.arch.data.model" value="64"/>
    <property name="sun.java.command" value="org.codehaus.classworlds.Launcher -Didea.version=2020.3.2 install --non-recursive"/>
    <property name="java.home" value="/Library/Java/JavaVirtualMachines/jdk-15.0.1.jdk/Contents/Home"/>
    <property name="user.language" value="zh"/>
    <property name="java.specification.vendor" value="Oracle Corporation"/>
    <property name="java.vm.info" value="mixed mode, sharing"/>
    <property name="java.version" value="15.0.1"/>
    <property name="java.vendor" value="Oracle Corporation"/>
    <property name="maven.home" value="/Users/pengfeili/Maven/apache-maven-3.6.3"/>
    <property name="file.separator" value="/"/>
    <property name="java.version.date" value="2020-10-20"/>
    <property name="java.vendor.url.bug" value="https://bugreport.java.com/bugreport/"/>
    <property name="sun.io.unicode.encoding" value="UnicodeBig"/>
    <property name="sun.cpu.endian" value="little"/>
    <property name="socksNonProxyHosts" value="local|*.local|169.254/16|*.169.254/16"/>
    <property name="ftp.nonProxyHosts" value="local|*.local|169.254/16|*.169.254/16"/>
  </properties>
  <testcase classname="org.apache.catalina.filters.TestRemoteIpFilter" name="testInvokeAllowedRemoteAddrWithNullRemoteIpHeader" time="0.067"/>
  <testcase classname="org.apache.catalina.filters.TestRemoteIpFilter" name="testInvokeAllProxiesAreTrusted" time="0.063"/>
  <testcase classname="org.apache.catalina.filters.TestRemoteIpFilter" name="testInvokeAllProxiesAreTrustedUnusedInternal" time="0.068"/>
  <testcase classname="org.apache.catalina.filters.TestRemoteIpFilter" name="testIncomingRequestIsSecuredButProtocolHeaderSaysItIsNotWithDefaultValues" time="0.071"/>
  <testcase classname="org.apache.catalina.filters.TestRemoteIpFilter" name="testInvokeNotAllowedRemoteAddr" time="0.079"/>
  <testcase classname="org.apache.catalina.filters.TestRemoteIpFilter" name="testInvokeUntrustedProxyInTheChain" time="0.069"/>
  <testcase classname="org.apache.catalina.filters.TestRemoteIpFilter" name="testRequestForwarded" time="0.067"/>
  <testcase classname="org.apache.catalina.filters.TestRemoteIpFilter" name="testIncomingRequestIsSecuredButProtocolHeaderSaysItIsNotWithCustomValues" time="0.063"/>
  <testcase classname="org.apache.catalina.filters.TestRemoteIpFilter" name="testInvokeAllProxiesAreTrustedAndRemoteAddrMatchRegexp" time="0.063"/>
  <testcase classname="org.apache.catalina.filters.TestRemoteIpFilter" name="testInvokeXforwardedHost" time="0.065"/>
  <testcase classname="org.apache.catalina.filters.TestRemoteIpFilter" name="testListToCommaDelimitedString" time="0.002"/>
  <testcase classname="org.apache.catalina.filters.TestRemoteIpFilter" name="testWithTomcatServer" time="0.074"/>
  <testcase classname="org.apache.catalina.filters.TestRemoteIpFilter" name="testCommaDelimitedListToStringArray" time="0.002"/>
  <testcase classname="org.apache.catalina.filters.TestRemoteIpFilter" name="testInvokeXforwardedHostAndPort" time="0.066"/>
  <testcase classname="org.apache.catalina.filters.TestRemoteIpFilter" name="testRequestAttributesForAccessLog" time="0.073"/>
  <testcase classname="org.apache.catalina.filters.TestRemoteIpFilter" name="testInvokeAllProxiesAreInternal" time="0.067"/>
  <testcase classname="org.apache.catalina.filters.TestRemoteIpFilter" name="testInvokeAllProxiesAreTrustedEmptyInternal" time="0.069"/>
  <testcase classname="org.apache.catalina.filters.TestRemoteIpFilter" name="testCommaDelimitedListToStringArrayNullList" time="0.003"/>
  <testcase classname="org.apache.catalina.filters.TestRemoteIpFilter" name="testInvokeAllProxiesAreTrustedOrInternal" time="0.069"/>
  <testcase classname="org.apache.catalina.filters.TestRemoteIpFilter" name="testListToCommaDelimitedStringMixedSpaceChars" time="0.001"/>
  <testcase classname="org.apache.catalina.filters.TestRemoteIpFilter" name="testHeaderNamesCaseInsensitivity" time="0.001"/>
  <testcase classname="org.apache.catalina.filters.TestRemoteIpFilter" name="testCommaDelimitedListToStringArrayEmptyList" time="0.001"/>
</testsuite>