<?xml version="1.0" encoding="UTF-8" ?>
<testsuite tests="86" failures="0" name="org.apache.catalina.core.TestApplicationContextGetRequestDispatcher" time="5.829" errors="0" skipped="0">
  <properties>
    <property name="idea.version" value="2020.3.2"/>
    <property name="java.runtime.name" value="Java(TM) SE Runtime Environment"/>
    <property name="java.vm.version" value="15.0.1+9-18"/>
    <property name="sun.boot.library.path" value="/Library/Java/JavaVirtualMachines/jdk-15.0.1.jdk/Contents/Home/lib"/>
    <property name="maven.multiModuleProjectDirectory" value="/Users/pengfeili/Downloads/apache-tomcat-9.0.50-src"/>
    <property name="java.vm.vendor" value="Oracle Corporation"/>
    <property name="java.vendor.url" value="https://java.oracle.com/"/>
    <property name="guice.disable.misplaced.annotation.check" value="true"/>
    <property name="path.separator" value=":"/>
    <property name="java.vm.name" value="Java HotSpot(TM) 64-Bit Server VM"/>
    <property name="user.script" value="Hans"/>
    <property name="user.country" value="CN"/>
    <property name="sun.java.launcher" value="SUN_STANDARD"/>
    <property name="java.vm.specification.name" value="Java Virtual Machine Specification"/>
    <property name="user.dir" value="/Users/pengfeili/Downloads/apache-tomcat-9.0.50-src"/>
    <property name="java.vm.compressedOopsMode" value="Zero based"/>
    <property name="java.runtime.version" value="15.0.1+9-18"/>
    <property name="os.arch" value="x86_64"/>
    <property name="java.io.tmpdir" value="/var/folders/8n/n57t642x06jfyjrr_6ld6q540000gn/T/"/>
    <property name="line.separator" value="
"/>
    <property name="java.vm.specification.vendor" value="Oracle Corporation"/>
    <property name="os.name" value="Mac OS X"/>
    <property name="maven.ext.class.path" value="/Applications/IntelliJ IDEA.app/Contents/plugins/maven/lib/maven-event-listener.jar"/>
    <property name="classworlds.conf" value="/Users/pengfeili/Maven/apache-maven-3.6.3/bin/m2.conf"/>
    <property name="sun.jnu.encoding" value="UTF-8"/>
    <property name="java.library.path" value="/Users/pengfeili/Library/Java/Extensions:/Library/Java/Extensions:/Network/Library/Java/Extensions:/System/Library/Java/Extensions:/usr/lib/java:."/>
    <property name="maven.conf" value="/Users/pengfeili/Maven/apache-maven-3.6.3/conf"/>
    <property name="jdk.debug" value="release"/>
    <property name="java.class.version" value="59.0"/>
    <property name="java.specification.name" value="Java Platform API Specification"/>
    <property name="sun.management.compiler" value="HotSpot 64-Bit Tiered Compilers"/>
    <property name="os.version" value="10.16"/>
    <property name="http.nonProxyHosts" value="local|*.local|169.254/16|*.169.254/16"/>
    <property name="user.home" value="/Users/pengfeili"/>
    <property name="user.timezone" value="Asia/Shanghai"/>
    <property name="file.encoding" value="UTF-8"/>
    <property name="java.specification.version" value="15"/>
    <property name="user.name" value="pengfeili"/>
    <property name="java.class.path" value="/Users/pengfeili/Maven/apache-maven-3.6.3/boot/plexus-classworlds.license:/Users/pengfeili/Maven/apache-maven-3.6.3/boot/plexus-classworlds-2.6.0.jar"/>
    <property name="java.vm.specification.version" value="15"/>
    <property name="sun.arch.data.model" value="64"/>
    <property name="sun.java.command" value="org.codehaus.classworlds.Launcher -Didea.version=2020.3.2 install --non-recursive"/>
    <property name="java.home" value="/Library/Java/JavaVirtualMachines/jdk-15.0.1.jdk/Contents/Home"/>
    <property name="user.language" value="zh"/>
    <property name="java.specification.vendor" value="Oracle Corporation"/>
    <property name="java.vm.info" value="mixed mode, sharing"/>
    <property name="java.version" value="15.0.1"/>
    <property name="java.vendor" value="Oracle Corporation"/>
    <property name="maven.home" value="/Users/pengfeili/Maven/apache-maven-3.6.3"/>
    <property name="file.separator" value="/"/>
    <property name="java.version.date" value="2020-10-20"/>
    <property name="java.vendor.url.bug" value="https://bugreport.java.com/bugreport/"/>
    <property name="sun.io.unicode.encoding" value="UnicodeBig"/>
    <property name="sun.cpu.endian" value="little"/>
    <property name="socksNonProxyHosts" value="local|*.local|169.254/16|*.169.254/16"/>
    <property name="ftp.nonProxyHosts" value="local|*.local|169.254/16|*.169.254/16"/>
  </properties>
  <testcase classname="org.apache.catalina.core.TestApplicationContextGetRequestDispatcher" name="testGetRequestDispatcherEncodedTraversal[0: useAsync[true]]" time="0.071"/>
  <testcase classname="org.apache.catalina.core.TestApplicationContextGetRequestDispatcher" name="testGetRequestDispatcherNullPath01[0: useAsync[true]]" time="0.064"/>
  <testcase classname="org.apache.catalina.core.TestApplicationContextGetRequestDispatcher" name="testGetRequestDispatcherNullPath02[0: useAsync[true]]" time="0.072"/>
  <testcase classname="org.apache.catalina.core.TestApplicationContextGetRequestDispatcher" name="testGetRequestDispatcher01[0: useAsync[true]]" time="0.063"/>
  <testcase classname="org.apache.catalina.core.TestApplicationContextGetRequestDispatcher" name="testGetRequestDispatcher02[0: useAsync[true]]" time="0.07"/>
  <testcase classname="org.apache.catalina.core.TestApplicationContextGetRequestDispatcher" name="testGetRequestDispatcher03[0: useAsync[true]]" time="0.07"/>
  <testcase classname="org.apache.catalina.core.TestApplicationContextGetRequestDispatcher" name="testGetRequestDispatcher04[0: useAsync[true]]" time="0.063"/>
  <testcase classname="org.apache.catalina.core.TestApplicationContextGetRequestDispatcher" name="testGetRequestDispatcher05[0: useAsync[true]]" time="0.063"/>
  <testcase classname="org.apache.catalina.core.TestApplicationContextGetRequestDispatcher" name="testGetRequestDispatcher06[0: useAsync[true]]" time="0.065"/>
  <testcase classname="org.apache.catalina.core.TestApplicationContextGetRequestDispatcher" name="testGetRequestDispatcher11[0: useAsync[true]]" time="0.073"/>
  <testcase classname="org.apache.catalina.core.TestApplicationContextGetRequestDispatcher" name="testGetRequestDispatcher12[0: useAsync[true]]" time="0.069"/>
  <testcase classname="org.apache.catalina.core.TestApplicationContextGetRequestDispatcher" name="testGetRequestDispatcher13[0: useAsync[true]]" time="0.073"/>
  <testcase classname="org.apache.catalina.core.TestApplicationContextGetRequestDispatcher" name="testGetRequestDispatcher14[0: useAsync[true]]" time="0.067"/>
  <testcase classname="org.apache.catalina.core.TestApplicationContextGetRequestDispatcher" name="testGetRequestDispatcher15[0: useAsync[true]]" time="0.064"/>
  <testcase classname="org.apache.catalina.core.TestApplicationContextGetRequestDispatcher" name="testGetRequestDispatcher16[0: useAsync[true]]" time="0.061"/>
  <testcase classname="org.apache.catalina.core.TestApplicationContextGetRequestDispatcher" name="testGetRequestDispatcher21[0: useAsync[true]]" time="0.065"/>
  <testcase classname="org.apache.catalina.core.TestApplicationContextGetRequestDispatcher" name="testGetRequestDispatcher22[0: useAsync[true]]" time="0.075"/>
  <testcase classname="org.apache.catalina.core.TestApplicationContextGetRequestDispatcher" name="testGetRequestDispatcher23[0: useAsync[true]]" time="0.07"/>
  <testcase classname="org.apache.catalina.core.TestApplicationContextGetRequestDispatcher" name="testGetRequestDispatcher24[0: useAsync[true]]" time="0.086"/>
  <testcase classname="org.apache.catalina.core.TestApplicationContextGetRequestDispatcher" name="testGetRequestDispatcher25[0: useAsync[true]]" time="0.073"/>
  <testcase classname="org.apache.catalina.core.TestApplicationContextGetRequestDispatcher" name="testGetRequestDispatcher26[0: useAsync[true]]" time="0.078"/>
  <testcase classname="org.apache.catalina.core.TestApplicationContextGetRequestDispatcher" name="testGetRequestDispatcher31[0: useAsync[true]]" time="0.075"/>
  <testcase classname="org.apache.catalina.core.TestApplicationContextGetRequestDispatcher" name="testGetRequestDispatcher32[0: useAsync[true]]" time="0.063"/>
  <testcase classname="org.apache.catalina.core.TestApplicationContextGetRequestDispatcher" name="testGetRequestDispatcher33[0: useAsync[true]]" time="0.064"/>
  <testcase classname="org.apache.catalina.core.TestApplicationContextGetRequestDispatcher" name="testGetRequestDispatcher34[0: useAsync[true]]" time="0.067"/>
  <testcase classname="org.apache.catalina.core.TestApplicationContextGetRequestDispatcher" name="testGetRequestDispatcher35[0: useAsync[true]]" time="0.072"/>
  <testcase classname="org.apache.catalina.core.TestApplicationContextGetRequestDispatcher" name="testGetRequestDispatcher36[0: useAsync[true]]" time="0.073"/>
  <testcase classname="org.apache.catalina.core.TestApplicationContextGetRequestDispatcher" name="testGetRequestDispatcher41[0: useAsync[true]]" time="0.063"/>
  <testcase classname="org.apache.catalina.core.TestApplicationContextGetRequestDispatcher" name="testGetRequestDispatcher42[0: useAsync[true]]" time="0.064"/>
  <testcase classname="org.apache.catalina.core.TestApplicationContextGetRequestDispatcher" name="testGetRequestDispatcher43[0: useAsync[true]]" time="0.067"/>
  <testcase classname="org.apache.catalina.core.TestApplicationContextGetRequestDispatcher" name="testGetRequestDispatcher44[0: useAsync[true]]" time="0.066"/>
  <testcase classname="org.apache.catalina.core.TestApplicationContextGetRequestDispatcher" name="testGetRequestDispatcher45[0: useAsync[true]]" time="0.062"/>
  <testcase classname="org.apache.catalina.core.TestApplicationContextGetRequestDispatcher" name="testGetRequestDispatcher46[0: useAsync[true]]" time="0.064"/>
  <testcase classname="org.apache.catalina.core.TestApplicationContextGetRequestDispatcher" name="testGetRequestDispatcher47[0: useAsync[true]]" time="0.064"/>
  <testcase classname="org.apache.catalina.core.TestApplicationContextGetRequestDispatcher" name="testGetRequestDispatcher48[0: useAsync[true]]" time="0.064"/>
  <testcase classname="org.apache.catalina.core.TestApplicationContextGetRequestDispatcher" name="testGetRequestDispatcherOutsideContextRoot01[0: useAsync[true]]" time="0.059"/>
  <testcase classname="org.apache.catalina.core.TestApplicationContextGetRequestDispatcher" name="testGetRequestDispatcherOutsideContextRoot02[0: useAsync[true]]" time="0.061"/>
  <testcase classname="org.apache.catalina.core.TestApplicationContextGetRequestDispatcher" name="testGetRequestDispatcherTraversal01[0: useAsync[true]]" time="0.063"/>
  <testcase classname="org.apache.catalina.core.TestApplicationContextGetRequestDispatcher" name="testGetRequestDispatcherTraversal02[0: useAsync[true]]" time="0.069"/>
  <testcase classname="org.apache.catalina.core.TestApplicationContextGetRequestDispatcher" name="testGetRequestDispatcherTraversal03[0: useAsync[true]]" time="0.065"/>
  <testcase classname="org.apache.catalina.core.TestApplicationContextGetRequestDispatcher" name="testGetRequestDispatcherTraversal04[0: useAsync[true]]" time="0.063"/>
  <testcase classname="org.apache.catalina.core.TestApplicationContextGetRequestDispatcher" name="testGetRequestDispatcherTraversal05[0: useAsync[true]]" time="0.061"/>
  <testcase classname="org.apache.catalina.core.TestApplicationContextGetRequestDispatcher" name="testGetRequestDispatcherTraversal06[0: useAsync[true]]" time="0.067"/>
  <testcase classname="org.apache.catalina.core.TestApplicationContextGetRequestDispatcher" name="testGetRequestDispatcherEncodedTraversal[1: useAsync[false]]" time="0.077"/>
  <testcase classname="org.apache.catalina.core.TestApplicationContextGetRequestDispatcher" name="testGetRequestDispatcherNullPath01[1: useAsync[false]]" time="0.071"/>
  <testcase classname="org.apache.catalina.core.TestApplicationContextGetRequestDispatcher" name="testGetRequestDispatcherNullPath02[1: useAsync[false]]" time="0.068"/>
  <testcase classname="org.apache.catalina.core.TestApplicationContextGetRequestDispatcher" name="testGetRequestDispatcher01[1: useAsync[false]]" time="0.071"/>
  <testcase classname="org.apache.catalina.core.TestApplicationContextGetRequestDispatcher" name="testGetRequestDispatcher02[1: useAsync[false]]" time="0.074"/>
  <testcase classname="org.apache.catalina.core.TestApplicationContextGetRequestDispatcher" name="testGetRequestDispatcher03[1: useAsync[false]]" time="0.069"/>
  <testcase classname="org.apache.catalina.core.TestApplicationContextGetRequestDispatcher" name="testGetRequestDispatcher04[1: useAsync[false]]" time="0.065"/>
  <testcase classname="org.apache.catalina.core.TestApplicationContextGetRequestDispatcher" name="testGetRequestDispatcher05[1: useAsync[false]]" time="0.063"/>
  <testcase classname="org.apache.catalina.core.TestApplicationContextGetRequestDispatcher" name="testGetRequestDispatcher06[1: useAsync[false]]" time="0.063"/>
  <testcase classname="org.apache.catalina.core.TestApplicationContextGetRequestDispatcher" name="testGetRequestDispatcher11[1: useAsync[false]]" time="0.06"/>
  <testcase classname="org.apache.catalina.core.TestApplicationContextGetRequestDispatcher" name="testGetRequestDispatcher12[1: useAsync[false]]" time="0.065"/>
  <testcase classname="org.apache.catalina.core.TestApplicationContextGetRequestDispatcher" name="testGetRequestDispatcher13[1: useAsync[false]]" time="0.063"/>
  <testcase classname="org.apache.catalina.core.TestApplicationContextGetRequestDispatcher" name="testGetRequestDispatcher14[1: useAsync[false]]" time="0.076"/>
  <testcase classname="org.apache.catalina.core.TestApplicationContextGetRequestDispatcher" name="testGetRequestDispatcher15[1: useAsync[false]]" time="0.063"/>
  <testcase classname="org.apache.catalina.core.TestApplicationContextGetRequestDispatcher" name="testGetRequestDispatcher16[1: useAsync[false]]" time="0.062"/>
  <testcase classname="org.apache.catalina.core.TestApplicationContextGetRequestDispatcher" name="testGetRequestDispatcher21[1: useAsync[false]]" time="0.064"/>
  <testcase classname="org.apache.catalina.core.TestApplicationContextGetRequestDispatcher" name="testGetRequestDispatcher22[1: useAsync[false]]" time="0.065"/>
  <testcase classname="org.apache.catalina.core.TestApplicationContextGetRequestDispatcher" name="testGetRequestDispatcher23[1: useAsync[false]]" time="0.068"/>
  <testcase classname="org.apache.catalina.core.TestApplicationContextGetRequestDispatcher" name="testGetRequestDispatcher24[1: useAsync[false]]" time="0.067"/>
  <testcase classname="org.apache.catalina.core.TestApplicationContextGetRequestDispatcher" name="testGetRequestDispatcher25[1: useAsync[false]]" time="0.067"/>
  <testcase classname="org.apache.catalina.core.TestApplicationContextGetRequestDispatcher" name="testGetRequestDispatcher26[1: useAsync[false]]" time="0.065"/>
  <testcase classname="org.apache.catalina.core.TestApplicationContextGetRequestDispatcher" name="testGetRequestDispatcher31[1: useAsync[false]]" time="0.065"/>
  <testcase classname="org.apache.catalina.core.TestApplicationContextGetRequestDispatcher" name="testGetRequestDispatcher32[1: useAsync[false]]" time="0.068"/>
  <testcase classname="org.apache.catalina.core.TestApplicationContextGetRequestDispatcher" name="testGetRequestDispatcher33[1: useAsync[false]]" time="0.069"/>
  <testcase classname="org.apache.catalina.core.TestApplicationContextGetRequestDispatcher" name="testGetRequestDispatcher34[1: useAsync[false]]" time="0.068"/>
  <testcase classname="org.apache.catalina.core.TestApplicationContextGetRequestDispatcher" name="testGetRequestDispatcher35[1: useAsync[false]]" time="0.069"/>
  <testcase classname="org.apache.catalina.core.TestApplicationContextGetRequestDispatcher" name="testGetRequestDispatcher36[1: useAsync[false]]" time="0.069"/>
  <testcase classname="org.apache.catalina.core.TestApplicationContextGetRequestDispatcher" name="testGetRequestDispatcher41[1: useAsync[false]]" time="0.07"/>
  <testcase classname="org.apache.catalina.core.TestApplicationContextGetRequestDispatcher" name="testGetRequestDispatcher42[1: useAsync[false]]" time="0.065"/>
  <testcase classname="org.apache.catalina.core.TestApplicationContextGetRequestDispatcher" name="testGetRequestDispatcher43[1: useAsync[false]]" time="0.072"/>
  <testcase classname="org.apache.catalina.core.TestApplicationContextGetRequestDispatcher" name="testGetRequestDispatcher44[1: useAsync[false]]" time="0.074"/>
  <testcase classname="org.apache.catalina.core.TestApplicationContextGetRequestDispatcher" name="testGetRequestDispatcher45[1: useAsync[false]]" time="0.073"/>
  <testcase classname="org.apache.catalina.core.TestApplicationContextGetRequestDispatcher" name="testGetRequestDispatcher46[1: useAsync[false]]" time="0.069"/>
  <testcase classname="org.apache.catalina.core.TestApplicationContextGetRequestDispatcher" name="testGetRequestDispatcher47[1: useAsync[false]]" time="0.069"/>
  <testcase classname="org.apache.catalina.core.TestApplicationContextGetRequestDispatcher" name="testGetRequestDispatcher48[1: useAsync[false]]" time="0.065"/>
  <testcase classname="org.apache.catalina.core.TestApplicationContextGetRequestDispatcher" name="testGetRequestDispatcherOutsideContextRoot01[1: useAsync[false]]" time="0.074"/>
  <testcase classname="org.apache.catalina.core.TestApplicationContextGetRequestDispatcher" name="testGetRequestDispatcherOutsideContextRoot02[1: useAsync[false]]" time="0.075"/>
  <testcase classname="org.apache.catalina.core.TestApplicationContextGetRequestDispatcher" name="testGetRequestDispatcherTraversal01[1: useAsync[false]]" time="0.074"/>
  <testcase classname="org.apache.catalina.core.TestApplicationContextGetRequestDispatcher" name="testGetRequestDispatcherTraversal02[1: useAsync[false]]" time="0.063"/>
  <testcase classname="org.apache.catalina.core.TestApplicationContextGetRequestDispatcher" name="testGetRequestDispatcherTraversal03[1: useAsync[false]]" time="0.073"/>
  <testcase classname="org.apache.catalina.core.TestApplicationContextGetRequestDispatcher" name="testGetRequestDispatcherTraversal04[1: useAsync[false]]" time="0.069"/>
  <testcase classname="org.apache.catalina.core.TestApplicationContextGetRequestDispatcher" name="testGetRequestDispatcherTraversal05[1: useAsync[false]]" time="0.071"/>
  <testcase classname="org.apache.catalina.core.TestApplicationContextGetRequestDispatcher" name="testGetRequestDispatcherTraversal06[1: useAsync[false]]" time="0.068"/>
</testsuite>