<?xml version="1.0" encoding="UTF-8" ?>
<testsuite tests="82" failures="0" name="org.apache.catalina.filters.TestCorsFilter" time="0.03" errors="0" skipped="0">
  <properties>
    <property name="idea.version" value="2020.3.2"/>
    <property name="java.runtime.name" value="Java(TM) SE Runtime Environment"/>
    <property name="java.vm.version" value="15.0.1+9-18"/>
    <property name="sun.boot.library.path" value="/Library/Java/JavaVirtualMachines/jdk-15.0.1.jdk/Contents/Home/lib"/>
    <property name="maven.multiModuleProjectDirectory" value="/Users/pengfeili/Downloads/apache-tomcat-9.0.50-src"/>
    <property name="java.vm.vendor" value="Oracle Corporation"/>
    <property name="java.vendor.url" value="https://java.oracle.com/"/>
    <property name="guice.disable.misplaced.annotation.check" value="true"/>
    <property name="path.separator" value=":"/>
    <property name="java.vm.name" value="Java HotSpot(TM) 64-Bit Server VM"/>
    <property name="user.script" value="Hans"/>
    <property name="user.country" value="CN"/>
    <property name="sun.java.launcher" value="SUN_STANDARD"/>
    <property name="java.vm.specification.name" value="Java Virtual Machine Specification"/>
    <property name="user.dir" value="/Users/pengfeili/Downloads/apache-tomcat-9.0.50-src"/>
    <property name="java.vm.compressedOopsMode" value="Zero based"/>
    <property name="java.runtime.version" value="15.0.1+9-18"/>
    <property name="os.arch" value="x86_64"/>
    <property name="java.io.tmpdir" value="/var/folders/8n/n57t642x06jfyjrr_6ld6q540000gn/T/"/>
    <property name="line.separator" value="
"/>
    <property name="java.vm.specification.vendor" value="Oracle Corporation"/>
    <property name="os.name" value="Mac OS X"/>
    <property name="maven.ext.class.path" value="/Applications/IntelliJ IDEA.app/Contents/plugins/maven/lib/maven-event-listener.jar"/>
    <property name="classworlds.conf" value="/Users/pengfeili/Maven/apache-maven-3.6.3/bin/m2.conf"/>
    <property name="sun.jnu.encoding" value="UTF-8"/>
    <property name="java.library.path" value="/Users/pengfeili/Library/Java/Extensions:/Library/Java/Extensions:/Network/Library/Java/Extensions:/System/Library/Java/Extensions:/usr/lib/java:."/>
    <property name="maven.conf" value="/Users/pengfeili/Maven/apache-maven-3.6.3/conf"/>
    <property name="jdk.debug" value="release"/>
    <property name="java.class.version" value="59.0"/>
    <property name="java.specification.name" value="Java Platform API Specification"/>
    <property name="sun.management.compiler" value="HotSpot 64-Bit Tiered Compilers"/>
    <property name="os.version" value="10.16"/>
    <property name="http.nonProxyHosts" value="local|*.local|169.254/16|*.169.254/16"/>
    <property name="user.home" value="/Users/pengfeili"/>
    <property name="user.timezone" value="Asia/Shanghai"/>
    <property name="file.encoding" value="UTF-8"/>
    <property name="java.specification.version" value="15"/>
    <property name="user.name" value="pengfeili"/>
    <property name="java.class.path" value="/Users/pengfeili/Maven/apache-maven-3.6.3/boot/plexus-classworlds.license:/Users/pengfeili/Maven/apache-maven-3.6.3/boot/plexus-classworlds-2.6.0.jar"/>
    <property name="java.vm.specification.version" value="15"/>
    <property name="sun.arch.data.model" value="64"/>
    <property name="sun.java.command" value="org.codehaus.classworlds.Launcher -Didea.version=2020.3.2 install --non-recursive"/>
    <property name="java.home" value="/Library/Java/JavaVirtualMachines/jdk-15.0.1.jdk/Contents/Home"/>
    <property name="user.language" value="zh"/>
    <property name="java.specification.vendor" value="Oracle Corporation"/>
    <property name="java.vm.info" value="mixed mode, sharing"/>
    <property name="java.version" value="15.0.1"/>
    <property name="java.vendor" value="Oracle Corporation"/>
    <property name="maven.home" value="/Users/pengfeili/Maven/apache-maven-3.6.3"/>
    <property name="file.separator" value="/"/>
    <property name="java.version.date" value="2020-10-20"/>
    <property name="java.vendor.url.bug" value="https://bugreport.java.com/bugreport/"/>
    <property name="sun.io.unicode.encoding" value="UnicodeBig"/>
    <property name="sun.cpu.endian" value="little"/>
    <property name="socksNonProxyHosts" value="local|*.local|169.254/16|*.169.254/16"/>
    <property name="ftp.nonProxyHosts" value="local|*.local|169.254/16|*.169.254/16"/>
  </properties>
  <testcase classname="org.apache.catalina.filters.TestCorsFilter" name="testCheckNullRequestMethod" time="0.018"/>
  <testcase classname="org.apache.catalina.filters.TestCorsFilter" name="testDoFilterSameHostWithOrigin01" time="0.001"/>
  <testcase classname="org.apache.catalina.filters.TestCorsFilter" name="testDoFilterSameHostWithOrigin02" time="0"/>
  <testcase classname="org.apache.catalina.filters.TestCorsFilter" name="testDoFilterSameHostWithOrigin03" time="0"/>
  <testcase classname="org.apache.catalina.filters.TestCorsFilter" name="testDoFilterSameHostWithOrigin04" time="0"/>
  <testcase classname="org.apache.catalina.filters.TestCorsFilter" name="testDoFilterSameHostWithOrigin05" time="0"/>
  <testcase classname="org.apache.catalina.filters.TestCorsFilter" name="testDoFilterSameHostWithOrigin06" time="0"/>
  <testcase classname="org.apache.catalina.filters.TestCorsFilter" name="testDoFilterSameHostWithOrigin07" time="0"/>
  <testcase classname="org.apache.catalina.filters.TestCorsFilter" name="testDoFilterSimpleGET" time="0"/>
  <testcase classname="org.apache.catalina.filters.TestCorsFilter" name="testDoFilterNullOriginAllowedByConfiguration" time="0.003"/>
  <testcase classname="org.apache.catalina.filters.TestCorsFilter" name="testCheckActualRequestTypeMethodPOSTNotSimpleHeaders" time="0"/>
  <testcase classname="org.apache.catalina.filters.TestCorsFilter" name="testDoFilterSimpleWithExposedHeaders" time="0"/>
  <testcase classname="org.apache.catalina.filters.TestCorsFilter" name="testJoinPipeSeparator" time="0"/>
  <testcase classname="org.apache.catalina.filters.TestCorsFilter" name="testCheckForSchemeVariance" time="0"/>
  <testcase classname="org.apache.catalina.filters.TestCorsFilter" name="testDoFilterNoOrigin" time="0.001"/>
  <testcase classname="org.apache.catalina.filters.TestCorsFilter" name="testCheckPreFlightRequestTypeEmptyHeaders" time="0"/>
  <testcase classname="org.apache.catalina.filters.TestCorsFilter" name="testCheckNullOriginNotAllowed" time="0"/>
  <testcase classname="org.apache.catalina.filters.TestCorsFilter" name="testDoFilterPreflightAnyOrigin" time="0"/>
  <testcase classname="org.apache.catalina.filters.TestCorsFilter" name="testJoinOneNullElement" time="0"/>
  <testcase classname="org.apache.catalina.filters.TestCorsFilter" name="testJoinSepNull" time="0"/>
  <testcase classname="org.apache.catalina.filters.TestCorsFilter" name="testDoFilterSimpleHEAD" time="0"/>
  <testcase classname="org.apache.catalina.filters.TestCorsFilter" name="testDoFilterSimplePOST" time="0.001"/>
  <testcase classname="org.apache.catalina.filters.TestCorsFilter" name="testCheckPreFlightRequestTypeEmptyACRM" time="0"/>
  <testcase classname="org.apache.catalina.filters.TestCorsFilter" name="testJoin" time="0"/>
  <testcase classname="org.apache.catalina.filters.TestCorsFilter" name="testJoinAllNullElements" time="0"/>
  <testcase classname="org.apache.catalina.filters.TestCorsFilter" name="testDoFilterPreflightWithoutCredentialsAndSpecificOrigin" time="0"/>
  <testcase classname="org.apache.catalina.filters.TestCorsFilter" name="testDoFilterSimpleAnyOriginAndSupportsCredentials" time="0"/>
  <testcase classname="org.apache.catalina.filters.TestCorsFilter" name="testCheckPreFlightRequestTypeInvalidRequestMethod" time="0.001"/>
  <testcase classname="org.apache.catalina.filters.TestCorsFilter" name="testDoFilterPreflight" time="0"/>
  <testcase classname="org.apache.catalina.filters.TestCorsFilter" name="testDecorateCORSPropertiesNullRequestValidCORSRequestType" time="0"/>
  <testcase classname="org.apache.catalina.filters.TestCorsFilter" name="testCheckPreFlightRequestTypeNoACRM" time="0"/>
  <testcase classname="org.apache.catalina.filters.TestCorsFilter" name="testDecorateCORSPropertiesValidRequestNullRequestType" time="0"/>
  <testcase classname="org.apache.catalina.filters.TestCorsFilter" name="testJoinSingleElement" time="0"/>
  <testcase classname="org.apache.catalina.filters.TestCorsFilter" name="testCheckPreFlightRequestTypeOriginNotAllowed" time="0"/>
  <testcase classname="org.apache.catalina.filters.TestCorsFilter" name="testWithFilterConfigInvalidPreflightAge" time="0"/>
  <testcase classname="org.apache.catalina.filters.TestCorsFilter" name="testCheckInvalidCRLF1" time="0"/>
  <testcase classname="org.apache.catalina.filters.TestCorsFilter" name="testCheckInvalidCRLF2" time="0"/>
  <testcase classname="org.apache.catalina.filters.TestCorsFilter" name="testCheckInvalidCRLF3" time="0"/>
  <testcase classname="org.apache.catalina.filters.TestCorsFilter" name="testCheckInvalidCRLF4" time="0"/>
  <testcase classname="org.apache.catalina.filters.TestCorsFilter" name="testNotPreflight" time="0"/>
  <testcase classname="org.apache.catalina.filters.TestCorsFilter" name="testWithStringParserEmpty" time="0"/>
  <testcase classname="org.apache.catalina.filters.TestCorsFilter" name="testJoinAllEmptyElements" time="0"/>
  <testcase classname="org.apache.catalina.filters.TestCorsFilter" name="testDecorateCORSPropertiesCORSRequestTypeInvalidCORS" time="0"/>
  <testcase classname="org.apache.catalina.filters.TestCorsFilter" name="testInitDefaultFilterConfig" time="0.002"/>
  <testcase classname="org.apache.catalina.filters.TestCorsFilter" name="testCheckRequestTypeNull" time="0"/>
  <testcase classname="org.apache.catalina.filters.TestCorsFilter" name="testDoFilterPreflightNegativeMaxAge" time="0"/>
  <testcase classname="org.apache.catalina.filters.TestCorsFilter" name="testDoFilterPreflightInvalidOrigin" time="0"/>
  <testcase classname="org.apache.catalina.filters.TestCorsFilter" name="testDecorateCORSPropertiesCORSRequestTypeNotCORS" time="0"/>
  <testcase classname="org.apache.catalina.filters.TestCorsFilter" name="testCheckInvalidOriginNotAllowedSubdomain" time="0"/>
  <testcase classname="org.apache.catalina.filters.TestCorsFilter" name="testDoFilterPreflightWithCredentials" time="0.001"/>
  <testcase classname="org.apache.catalina.filters.TestCorsFilter" name="testCheckPreFlightRequestTypeUnsupportedRequestMethod" time="0"/>
  <testcase classname="org.apache.catalina.filters.TestCorsFilter" name="testWithFilterConfig" time="0"/>
  <testcase classname="org.apache.catalina.filters.TestCorsFilter" name="testJoinElementsNull" time="0"/>
  <testcase classname="org.apache.catalina.filters.TestCorsFilter" name="testCheckActualRequestType" time="0"/>
  <testcase classname="org.apache.catalina.filters.TestCorsFilter" name="testCheckInvalidRequestMethod" time="0"/>
  <testcase classname="org.apache.catalina.filters.TestCorsFilter" name="testCheckPreFlightRequestTypeUnsupportedRequestHeaders" time="0"/>
  <testcase classname="org.apache.catalina.filters.TestCorsFilter" name="testInValidOriginEncodedCRLF1" time="0"/>
  <testcase classname="org.apache.catalina.filters.TestCorsFilter" name="testInValidOriginEncodedCRLF2" time="0"/>
  <testcase classname="org.apache.catalina.filters.TestCorsFilter" name="testInValidOriginEncodedCRLF3" time="0"/>
  <testcase classname="org.apache.catalina.filters.TestCorsFilter" name="testCheckForPortVariance" time="0.001"/>
  <testcase classname="org.apache.catalina.filters.TestCorsFilter" name="testDecorateCORSPropertiesNullRequestNullCORSRequestType" time="0"/>
  <testcase classname="org.apache.catalina.filters.TestCorsFilter" name="testInValidOriginCRLF" time="0"/>
  <testcase classname="org.apache.catalina.filters.TestCorsFilter" name="testDoFilterInvalidCORSOriginNotAllowed" time="0"/>
  <testcase classname="org.apache.catalina.filters.TestCorsFilter" name="testWithStringParserNull" time="0"/>
  <testcase classname="org.apache.catalina.filters.TestCorsFilter" name="testDoFilterSimpleSpecificHeader" time="0"/>
  <testcase classname="org.apache.catalina.filters.TestCorsFilter" name="testInitInvalidFilterConfig" time="0"/>
  <testcase classname="org.apache.catalina.filters.TestCorsFilter" name="testContentTypeWithParameter" time="0"/>
  <testcase classname="org.apache.catalina.filters.TestCorsFilter" name="testCheckSimpleRequestType" time="0"/>
  <testcase classname="org.apache.catalina.filters.TestCorsFilter" name="testDoFilterNullOriginAllowedByDefault" time="0"/>
  <testcase classname="org.apache.catalina.filters.TestCorsFilter" name="testDoFilterNullRequestResponse" time="0"/>
  <testcase classname="org.apache.catalina.filters.TestCorsFilter" name="testCheckSimpleRequestTypeAnyOrigin" time="0"/>
  <testcase classname="org.apache.catalina.filters.TestCorsFilter" name="testDoFilterSimpleAnyOriginAndSupportsCredentialsDisabled" time="0"/>
  <testcase classname="org.apache.catalina.filters.TestCorsFilter" name="testCheckPreFlightRequestType" time="0"/>
  <testcase classname="org.apache.catalina.filters.TestCorsFilter" name="testDoFilterRequestNullResponse" time="0.001"/>
  <testcase classname="org.apache.catalina.filters.TestCorsFilter" name="testCheckPreFlightRequestTypeNoHeaders" time="0"/>
  <testcase classname="org.apache.catalina.filters.TestCorsFilter" name="testDecorateRequestDisabled" time="0"/>
  <testcase classname="org.apache.catalina.filters.TestCorsFilter" name="testValidOrigin" time="0"/>
  <testcase classname="org.apache.catalina.filters.TestCorsFilter" name="testCheckInvalidOrigin" time="0"/>
  <testcase classname="org.apache.catalina.filters.TestCorsFilter" name="testDoFilterNullRequestNullResponse" time="0"/>
  <testcase classname="org.apache.catalina.filters.TestCorsFilter" name="testNotSimple" time="0"/>
  <testcase classname="org.apache.catalina.filters.TestCorsFilter" name="testCheckPreFlightRequestTypeAnyOriginNoWithCredentials" time="0"/>
  <testcase classname="org.apache.catalina.filters.TestCorsFilter" name="testCheckNotCORSRequestTypeEmptyOrigin" time="0"/>
</testsuite>