<?xml version="1.0" encoding="UTF-8" ?>
<testsuite tests="5" failures="2" name="org.apache.catalina.tribes.test.channel.TestDataIntegrity" time="64.581" errors="0" skipped="0">
  <properties>
    <property name="idea.version" value="2020.3.2"/>
    <property name="java.runtime.name" value="Java(TM) SE Runtime Environment"/>
    <property name="java.vm.version" value="15.0.1+9-18"/>
    <property name="sun.boot.library.path" value="/Library/Java/JavaVirtualMachines/jdk-15.0.1.jdk/Contents/Home/lib"/>
    <property name="maven.multiModuleProjectDirectory" value="/Users/pengfeili/Downloads/apache-tomcat-9.0.50-src"/>
    <property name="java.vm.vendor" value="Oracle Corporation"/>
    <property name="java.vendor.url" value="https://java.oracle.com/"/>
    <property name="guice.disable.misplaced.annotation.check" value="true"/>
    <property name="path.separator" value=":"/>
    <property name="java.vm.name" value="Java HotSpot(TM) 64-Bit Server VM"/>
    <property name="user.script" value="Hans"/>
    <property name="user.country" value="CN"/>
    <property name="sun.java.launcher" value="SUN_STANDARD"/>
    <property name="java.vm.specification.name" value="Java Virtual Machine Specification"/>
    <property name="user.dir" value="/Users/pengfeili/Downloads/apache-tomcat-9.0.50-src"/>
    <property name="java.vm.compressedOopsMode" value="Zero based"/>
    <property name="java.runtime.version" value="15.0.1+9-18"/>
    <property name="os.arch" value="x86_64"/>
    <property name="java.io.tmpdir" value="/var/folders/8n/n57t642x06jfyjrr_6ld6q540000gn/T/"/>
    <property name="line.separator" value="
"/>
    <property name="java.vm.specification.vendor" value="Oracle Corporation"/>
    <property name="os.name" value="Mac OS X"/>
    <property name="maven.ext.class.path" value="/Applications/IntelliJ IDEA.app/Contents/plugins/maven/lib/maven-event-listener.jar"/>
    <property name="classworlds.conf" value="/Users/pengfeili/Maven/apache-maven-3.6.3/bin/m2.conf"/>
    <property name="sun.jnu.encoding" value="UTF-8"/>
    <property name="java.library.path" value="/Users/pengfeili/Library/Java/Extensions:/Library/Java/Extensions:/Network/Library/Java/Extensions:/System/Library/Java/Extensions:/usr/lib/java:."/>
    <property name="maven.conf" value="/Users/pengfeili/Maven/apache-maven-3.6.3/conf"/>
    <property name="jdk.debug" value="release"/>
    <property name="java.class.version" value="59.0"/>
    <property name="java.specification.name" value="Java Platform API Specification"/>
    <property name="sun.management.compiler" value="HotSpot 64-Bit Tiered Compilers"/>
    <property name="os.version" value="10.16"/>
    <property name="http.nonProxyHosts" value="local|*.local|169.254/16|*.169.254/16"/>
    <property name="user.home" value="/Users/pengfeili"/>
    <property name="user.timezone" value="Asia/Shanghai"/>
    <property name="file.encoding" value="UTF-8"/>
    <property name="java.specification.version" value="15"/>
    <property name="user.name" value="pengfeili"/>
    <property name="java.class.path" value="/Users/pengfeili/Maven/apache-maven-3.6.3/boot/plexus-classworlds.license:/Users/pengfeili/Maven/apache-maven-3.6.3/boot/plexus-classworlds-2.6.0.jar"/>
    <property name="java.vm.specification.version" value="15"/>
    <property name="sun.arch.data.model" value="64"/>
    <property name="sun.java.command" value="org.codehaus.classworlds.Launcher -Didea.version=2020.3.2 install --non-recursive"/>
    <property name="java.home" value="/Library/Java/JavaVirtualMachines/jdk-15.0.1.jdk/Contents/Home"/>
    <property name="user.language" value="zh"/>
    <property name="java.specification.vendor" value="Oracle Corporation"/>
    <property name="java.vm.info" value="mixed mode, sharing"/>
    <property name="java.version" value="15.0.1"/>
    <property name="java.vendor" value="Oracle Corporation"/>
    <property name="maven.home" value="/Users/pengfeili/Maven/apache-maven-3.6.3"/>
    <property name="file.separator" value="/"/>
    <property name="java.version.date" value="2020-10-20"/>
    <property name="java.vendor.url.bug" value="https://bugreport.java.com/bugreport/"/>
    <property name="sun.io.unicode.encoding" value="UnicodeBig"/>
    <property name="sun.cpu.endian" value="little"/>
    <property name="socksNonProxyHosts" value="local|*.local|169.254/16|*.169.254/16"/>
    <property name="ftp.nonProxyHosts" value="local|*.local|169.254/16|*.169.254/16"/>
  </properties>
  <testcase classname="org.apache.catalina.tribes.test.channel.TestDataIntegrity" name="testDataSendASYNCM" time="30.846">
    <failure message="Checking success messages. expected:&lt;10000&gt; but was:&lt;9995&gt;" type="java.lang.AssertionError">java.lang.AssertionError: Checking success messages. expected:&lt;10000&gt; but was:&lt;9995&gt;
	at org.junit.Assert.fail(Assert.java:88)
	at org.junit.Assert.failNotEquals(Assert.java:834)
	at org.junit.Assert.assertEquals(Assert.java:645)
	at org.apache.catalina.tribes.test.channel.TestDataIntegrity.testDataSendASYNCM(TestDataIntegrity.java:129)
	at java.base/jdk.internal.reflect.NativeMethodAccessorImpl.invoke0(Native Method)
	at java.base/jdk.internal.reflect.NativeMethodAccessorImpl.invoke(NativeMethodAccessorImpl.java:64)
	at java.base/jdk.internal.reflect.DelegatingMethodAccessorImpl.invoke(DelegatingMethodAccessorImpl.java:43)
	at java.base/java.lang.reflect.Method.invoke(Method.java:564)
	at org.junit.runners.model.FrameworkMethod$1.runReflectiveCall(FrameworkMethod.java:50)
	at org.junit.internal.runners.model.ReflectiveCallable.run(ReflectiveCallable.java:12)
	at org.junit.runners.model.FrameworkMethod.invokeExplosively(FrameworkMethod.java:47)
	at org.junit.internal.runners.statements.InvokeMethod.evaluate(InvokeMethod.java:17)
	at org.junit.internal.runners.statements.RunBefores.evaluate(RunBefores.java:26)
	at org.junit.internal.runners.statements.RunAfters.evaluate(RunAfters.java:27)
	at org.junit.runners.ParentRunner.runLeaf(ParentRunner.java:325)
	at org.junit.runners.BlockJUnit4ClassRunner.runChild(BlockJUnit4ClassRunner.java:78)
	at org.junit.runners.BlockJUnit4ClassRunner.runChild(BlockJUnit4ClassRunner.java:57)
	at org.junit.runners.ParentRunner$3.run(ParentRunner.java:290)
	at org.junit.runners.ParentRunner$1.schedule(ParentRunner.java:71)
	at org.junit.runners.ParentRunner.runChildren(ParentRunner.java:288)
	at org.junit.runners.ParentRunner.access$000(ParentRunner.java:58)
	at org.junit.runners.ParentRunner$2.evaluate(ParentRunner.java:268)
	at org.junit.runners.ParentRunner.run(ParentRunner.java:363)
	at org.apache.maven.surefire.junit4.JUnit4Provider.execute(JUnit4Provider.java:252)
	at org.apache.maven.surefire.junit4.JUnit4Provider.executeTestSet(JUnit4Provider.java:141)
	at org.apache.maven.surefire.junit4.JUnit4Provider.invoke(JUnit4Provider.java:112)
	at java.base/jdk.internal.reflect.NativeMethodAccessorImpl.invoke0(Native Method)
	at java.base/jdk.internal.reflect.NativeMethodAccessorImpl.invoke(NativeMethodAccessorImpl.java:64)
	at java.base/jdk.internal.reflect.DelegatingMethodAccessorImpl.invoke(DelegatingMethodAccessorImpl.java:43)
	at java.base/java.lang.reflect.Method.invoke(Method.java:564)
	at org.apache.maven.surefire.util.ReflectionUtils.invokeMethodWithArray(ReflectionUtils.java:189)
	at org.apache.maven.surefire.booter.ProviderFactory$ProviderProxy.invoke(ProviderFactory.java:165)
	at org.apache.maven.surefire.booter.ProviderFactory.invokeProvider(ProviderFactory.java:85)
	at org.apache.maven.surefire.booter.ForkedBooter.runSuitesInProcess(ForkedBooter.java:115)
	at org.apache.maven.surefire.booter.ForkedBooter.main(ForkedBooter.java:75)
</failure>
    <system-out>Thread[Thread-60819] sent 500 messages in 646 ms.
Thread[Thread-60815] sent 500 messages in 691 ms.
Thread[Thread-60821] sent 500 messages in 1216 ms.
Thread[Thread-60829] sent 500 messages in 1228 ms.
Thread[Thread-60814] sent 500 messages in 1262 ms.
Thread[Thread-60820] sent 500 messages in 1261 ms.
Thread[Thread-60818] sent 500 messages in 1380 ms.
Thread[Thread-60833] sent 500 messages in 1346 ms.
Thread[Thread-60826] sent 500 messages in 1385 ms.
Thread[Thread-60823] sent 500 messages in 1395 ms.
Thread[Thread-60825] sent 500 messages in 1399 ms.
Thread[Thread-60817] sent 500 messages in 1401 ms.
Thread[Thread-60827] sent 500 messages in 1408 ms.
Thread[Thread-60830] sent 500 messages in 1390 ms.
Thread[Thread-60828] sent 500 messages in 1424 ms.
Thread[Thread-60822] sent 500 messages in 1443 ms.
Thread[Thread-60824] sent 500 messages in 1452 ms.
Thread[Thread-60831] sent 500 messages in 1422 ms.
Thread[Thread-60816] sent 500 messages in 1456 ms.
Thread[Thread-60832] sent 500 messages in 1424 ms.
</system-out>
    <system-err>Starting ASYNC MULTI THREAD
SUCCESS:1000
SUCCESS:2000
SUCCESS:3000
SUCCESS:4000
SUCCESS:5000
SUCCESS:6000
SUCCESS:7000
SUCCESS:8000
SUCCESS:9000
Finished ASYNC MULTI THREAD [9995]
</system-err>
  </testcase>
  <testcase classname="org.apache.catalina.tribes.test.channel.TestDataIntegrity" name="testDataSendNO_ACK" time="19.81">
    <failure message="Checking success messages. expected:&lt;10000&gt; but was:&lt;9992&gt;" type="java.lang.AssertionError">java.lang.AssertionError: Checking success messages. expected:&lt;10000&gt; but was:&lt;9992&gt;
	at org.junit.Assert.fail(Assert.java:88)
	at org.junit.Assert.failNotEquals(Assert.java:834)
	at org.junit.Assert.assertEquals(Assert.java:645)
	at org.apache.catalina.tribes.test.channel.TestDataIntegrity.testDataSendNO_ACK(TestDataIntegrity.java:94)
	at java.base/jdk.internal.reflect.NativeMethodAccessorImpl.invoke0(Native Method)
	at java.base/jdk.internal.reflect.NativeMethodAccessorImpl.invoke(NativeMethodAccessorImpl.java:64)
	at java.base/jdk.internal.reflect.DelegatingMethodAccessorImpl.invoke(DelegatingMethodAccessorImpl.java:43)
	at java.base/java.lang.reflect.Method.invoke(Method.java:564)
	at org.junit.runners.model.FrameworkMethod$1.runReflectiveCall(FrameworkMethod.java:50)
	at org.junit.internal.runners.model.ReflectiveCallable.run(ReflectiveCallable.java:12)
	at org.junit.runners.model.FrameworkMethod.invokeExplosively(FrameworkMethod.java:47)
	at org.junit.internal.runners.statements.InvokeMethod.evaluate(InvokeMethod.java:17)
	at org.junit.internal.runners.statements.RunBefores.evaluate(RunBefores.java:26)
	at org.junit.internal.runners.statements.RunAfters.evaluate(RunAfters.java:27)
	at org.junit.runners.ParentRunner.runLeaf(ParentRunner.java:325)
	at org.junit.runners.BlockJUnit4ClassRunner.runChild(BlockJUnit4ClassRunner.java:78)
	at org.junit.runners.BlockJUnit4ClassRunner.runChild(BlockJUnit4ClassRunner.java:57)
	at org.junit.runners.ParentRunner$3.run(ParentRunner.java:290)
	at org.junit.runners.ParentRunner$1.schedule(ParentRunner.java:71)
	at org.junit.runners.ParentRunner.runChildren(ParentRunner.java:288)
	at org.junit.runners.ParentRunner.access$000(ParentRunner.java:58)
	at org.junit.runners.ParentRunner$2.evaluate(ParentRunner.java:268)
	at org.junit.runners.ParentRunner.run(ParentRunner.java:363)
	at org.apache.maven.surefire.junit4.JUnit4Provider.execute(JUnit4Provider.java:252)
	at org.apache.maven.surefire.junit4.JUnit4Provider.executeTestSet(JUnit4Provider.java:141)
	at org.apache.maven.surefire.junit4.JUnit4Provider.invoke(JUnit4Provider.java:112)
	at java.base/jdk.internal.reflect.NativeMethodAccessorImpl.invoke0(Native Method)
	at java.base/jdk.internal.reflect.NativeMethodAccessorImpl.invoke(NativeMethodAccessorImpl.java:64)
	at java.base/jdk.internal.reflect.DelegatingMethodAccessorImpl.invoke(DelegatingMethodAccessorImpl.java:43)
	at java.base/java.lang.reflect.Method.invoke(Method.java:564)
	at org.apache.maven.surefire.util.ReflectionUtils.invokeMethodWithArray(ReflectionUtils.java:189)
	at org.apache.maven.surefire.booter.ProviderFactory$ProviderProxy.invoke(ProviderFactory.java:165)
	at org.apache.maven.surefire.booter.ProviderFactory.invokeProvider(ProviderFactory.java:85)
	at org.apache.maven.surefire.booter.ForkedBooter.runSuitesInProcess(ForkedBooter.java:115)
	at org.apache.maven.surefire.booter.ForkedBooter.main(ForkedBooter.java:75)
</failure>
    <system-out>Thread[Thread-60849] sent 500 messages in 442 ms.
Thread[Thread-60843] sent 500 messages in 453 ms.
Thread[Thread-60847] sent 500 messages in 455 ms.
Thread[Thread-60841] sent 500 messages in 470 ms.
Thread[Thread-60846] sent 500 messages in 465 ms.
Thread[Thread-60842] sent 500 messages in 467 ms.
Thread[Thread-60853] sent 500 messages in 465 ms.
Thread[Thread-60856] sent 500 messages in 464 ms.
Thread[Thread-60850] sent 500 messages in 466 ms.
Thread[Thread-60848] sent 500 messages in 468 ms.
Thread[Thread-60844] sent 500 messages in 471 ms.
Thread[Thread-60840] sent 500 messages in 480 ms.
Thread[Thread-60854] sent 500 messages in 471 ms.
Thread[Thread-60852] sent 500 messages in 472 ms.
Thread[Thread-60839] sent 500 messages in 482 ms.
Thread[Thread-60855] sent 500 messages in 472 ms.
Thread[Thread-60838] sent 500 messages in 483 ms.
Thread[Thread-60857] sent 500 messages in 472 ms.
Thread[Thread-60845] sent 500 messages in 475 ms.
Thread[Thread-60851] sent 500 messages in 474 ms.
</system-out>
    <system-err>Starting NO_ACK
SUCCESS:1000
SUCCESS:2000
SUCCESS:3000
SUCCESS:4000
SUCCESS:5000
SUCCESS:6000
SUCCESS:7000
SUCCESS:8000
SUCCESS:9001
Finished NO_ACK [9992]
</system-err>
  </testcase>
  <testcase classname="org.apache.catalina.tribes.test.channel.TestDataIntegrity" name="testDataSendACK" time="4.575"/>
  <testcase classname="org.apache.catalina.tribes.test.channel.TestDataIntegrity" name="testDataSendASYNC" time="4.768"/>
  <testcase classname="org.apache.catalina.tribes.test.channel.TestDataIntegrity" name="testDataSendSYNCACK" time="4.582"/>
</testsuite>